#
# A fatal error has been detected by the Java Runtime Environment:
#
#  EXCEPTION_ACCESS_VIOLATION (0xc0000005) at pc=0x000000006074248b, pid=2092, tid=8548
#
# JRE version: Java(TM) SE Runtime Environment (7.0_51-b13) (build 1.7.0_51-b13)
# Java VM: Java HotSpot(TM) 64-Bit Server VM (24.51-b03 mixed mode windows-amd64 compressed oops)
# Problematic frame:
# V  [jvm.dll+0x14248b]
#
# Failed to write core dump. Minidumps are not enabled by default on client versions of Windows
#
# If you would like to submit a bug report, please visit:
#   http://bugreport.sun.com/bugreport/crash.jsp
#

---------------  T H R E A D  ---------------

Current thread (0x00000000086de000):  JavaThread "JDWP Transport Listener: dt_socket" daemon [_thread_in_vm, id=8548, stack(0x000000000a9b0000,0x000000000aab0000)]

siginfo: ExceptionCode=0xc0000005, reading address 0x0000007300730061

Registers:
RAX=0x000000000aaaf301, RBX=0x00000000086de000, RCX=0x0000007300730061, RDX=0x0000000000000000
RSP=0x000000000aaaf340, RBP=0x0000007300730061, RSI=0x000000000aaaf458, RDI=0x000000000216c970
R8 =0x00000000086de000, R9 =0x00bb0f2300b0001c, R10=0x0000000000000000, R11=0x000000000f594884
R12=0x0000000000000000, R13=0x00000000086d0528, R14=0x0000000000000000, R15=0x0000000000000000
RIP=0x000000006074248b, EFLAGS=0x0000000000010202

Top of Stack: (sp=0x000000000aaaf340)
0x000000000aaaf340:   00000000086de000 000000000000001d
0x000000000aaaf350:   000000000aaaf408 00000000608e1239
0x000000000aaaf360:   00000000086de000 00000000608fede2
0x000000000aaaf370:   0000000000000000 000000006a808e89
0x000000000aaaf380:   000000000ed5cc28 000000006a81265a
0x000000000aaaf390:   00000000086de000 0000000000000000
0x000000000aaaf3a0:   0000000000000000 0000000000000000
0x000000000aaaf3b0:   0000007300730061 000000006a811751
0x000000000aaaf3c0:   000000000aaaf458 000000000aaaf430
0x000000000aaaf3d0:   0000000000000001 000000000ed5cc28
0x000000000aaaf3e0:   0000007300730061 000000006a7f53b3
0x000000000aaaf3f0:   000000000aaaf520 0000000000000001
0x000000000aaaf400:   0000000000000001 000000000ed5cc28
0x000000000aaaf410:   00000000f0001008 0000000000000000
0x000000000aaaf420:   0000000000000000 0000000000000000
0x000000000aaaf430:   0000000000000001 000000006a7f5571 

Instructions: (pc=0x000000006074248b)
0x000000006074246b:   48 8b 5c 24 30 48 89 47 18 48 83 c4 20 5f c3 cc
0x000000006074247b:   cc cc cc cc cc 40 53 48 83 ec 20 48 85 c9 74 54
0x000000006074248b:   48 8b 19 48 85 db 74 4c 48 b8 fe fe fe fe fe fe
0x000000006074249b:   fe fe 48 3b d8 74 3d 80 3d 8f 87 60 00 00 74 15 


Register to memory mapping:

RAX=0x000000000aaaf301 is pointing into the stack for thread: 0x00000000086de000
RBX=0x00000000086de000 is a thread
RCX=0x0000007300730061 is an unknown value
RDX=0x0000000000000000 is an unknown value
RSP=0x000000000aaaf340 is pointing into the stack for thread: 0x00000000086de000
RBP=0x0000007300730061 is an unknown value
RSI=0x000000000aaaf458 is pointing into the stack for thread: 0x00000000086de000
RDI=0x000000000216c970 is an unknown value
R8 =0x00000000086de000 is a thread
R9 =0x00bb0f2300b0001c is an unknown value
R10=0x0000000000000000 is an unknown value
R11=0x000000000f594884 is an unknown value
R12=0x0000000000000000 is an unknown value
R13=0x00000000086d0528 is an unknown value
R14=0x0000000000000000 is an unknown value
R15=0x0000000000000000 is an unknown value


Stack: [0x000000000a9b0000,0x000000000aab0000],  sp=0x000000000aaaf340,  free space=1020k
Native frames: (J=compiled Java code, j=interpreted, Vv=VM code, C=native code)
V  [jvm.dll+0x14248b]


---------------  P R O C E S S  ---------------

Java Threads: ( => current thread )
  0x000000000e511000 JavaThread "Code server for topten from Mozilla/5.0 (Windows NT 6.1; WOW64) AppleWebKit/537.36 (KHTML, like Gecko) Chrome/40.0.2188.2 Safari/537.36 on http://127.0.0.1:8888/s/PmKb54Y8XVY?gwt.codesvr=127.0.0.1%3A9997#Tx:c=6092943685320704&s=6320748750700544&g=6731966099488768&m=4532942843936768&q=5940317727490048 @ bqc7u(g~:KeeQNyR" daemon [_thread_in_native, id=2224, stack(0x000000000fd60000,0x000000000fe60000)]
  0x000000000b99a000 JavaThread "1470125769@qtp-2107235774-9" [_thread_blocked, id=8872, stack(0x000000000d700000,0x000000000d800000)]
  0x000000000b996000 JavaThread "Code server for topten from Mozilla/5.0 (Windows NT 6.1; WOW64) AppleWebKit/537.36 (KHTML, like Gecko) Chrome/40.0.2188.2 Safari/537.36 on http://127.0.0.1:8888/s/?gwt.codesvr=127.0.0.1%3A9997 @ UF]g/Q<hSNz7pxT*" daemon [_thread_in_native, id=528, stack(0x0000000010330000,0x0000000010430000)]
  0x000000000e50c800 JavaThread "1870072720@qtp-2107235774-8" [_thread_blocked, id=2352, stack(0x000000000fe80000,0x000000000ff80000)]
  0x000000000b997000 JavaThread "Java2D Disposer" daemon [_thread_blocked, id=5116, stack(0x0000000012160000,0x0000000012260000)]
  0x000000000e50e000 JavaThread "Thread-16" daemon [_thread_blocked, id=7484, stack(0x0000000010120000,0x0000000010220000)]
  0x000000000e50d000 JavaThread "Thread-15" daemon [_thread_blocked, id=8732, stack(0x000000000c330000,0x000000000c430000)]
  0x000000000d28c800 JavaThread "Timer-1" daemon [_thread_blocked, id=7500, stack(0x000000000d5e0000,0x000000000d6e0000)]
  0x000000000d378800 JavaThread "Timer-0" daemon [_thread_blocked, id=7296, stack(0x000000000da30000,0x000000000db30000)]
  0x000000000cf9d000 JavaThread "561063650@qtp-2107235774-1 - Acceptor0 SelectChannelConnector@0.0.0.0:8888" [_thread_in_native, id=4296, stack(0x000000000d870000,0x000000000d970000)]
  0x000000000b5c4800 JavaThread "Code server listener" daemon [_thread_in_native, id=1904, stack(0x000000000c4d0000,0x000000000c5d0000)]
  0x000000000b778000 JavaThread "pool-1-thread-1" [_thread_blocked, id=8532, stack(0x000000000c050000,0x000000000c150000)]
  0x000000000b4bf800 JavaThread "Thread-2" daemon [_thread_blocked, id=5812, stack(0x000000000be70000,0x000000000bf70000)]
  0x000000000b702000 JavaThread "Thread-1" [_thread_in_native, id=7324, stack(0x000000000bd10000,0x000000000be10000)]
  0x000000000ad24800 JavaThread "Service Thread" daemon [_thread_blocked, id=7504, stack(0x000000000af70000,0x000000000b070000)]
  0x000000000ad21800 JavaThread "C2 CompilerThread1" daemon [_thread_blocked, id=7256, stack(0x000000000b1b0000,0x000000000b2b0000)]
  0x000000000ad21000 JavaThread "C2 CompilerThread0" daemon [_thread_blocked, id=5056, stack(0x000000000b090000,0x000000000b190000)]
  0x00000000086eb800 JavaThread "JDWP Command Reader" daemon [_thread_in_native, id=1964, stack(0x000000000a570000,0x000000000a670000)]
  0x00000000086e9000 JavaThread "JDWP Event Helper Thread" daemon [_thread_blocked, id=7988, stack(0x000000000a730000,0x000000000a830000)]
=>0x00000000086de000 JavaThread "JDWP Transport Listener: dt_socket" daemon [_thread_in_vm, id=8548, stack(0x000000000a9b0000,0x000000000aab0000)]
  0x00000000086d5800 JavaThread "Attach Listener" daemon [_thread_blocked, id=8324, stack(0x0000000009ac0000,0x0000000009bc0000)]
  0x00000000086ce800 JavaThread "Signal Dispatcher" daemon [_thread_blocked, id=8680, stack(0x0000000009c00000,0x0000000009d00000)]
  0x000000000867b800 JavaThread "Finalizer" daemon [_thread_blocked, id=6636, stack(0x0000000009720000,0x0000000009820000)]
  0x0000000008672800 JavaThread "Reference Handler" daemon [_thread_blocked, id=7092, stack(0x0000000009980000,0x0000000009a80000)]
  0x00000000021aa000 JavaThread "main" [_thread_blocked, id=7264, stack(0x0000000002520000,0x0000000002620000)]

Other Threads:
  0x000000000866d000 VMThread [stack: 0x0000000009840000,0x0000000009940000] [id=7772]
  0x000000000ad25000 WatcherThread [stack: 0x000000000b350000,0x000000000b450000] [id=6196]

VM state:not at safepoint (normal execution)

VM Mutex/Monitor currently owned by a thread: None

Heap
 PSYoungGen      total 233472K, used 86644K [0x00000000eaa80000, 0x0000000100000000, 0x0000000100000000)
  eden space 117248K, 71% used [0x00000000eaa80000,0x00000000efc950b0,0x00000000f1d00000)
  from space 116224K, 2% used [0x00000000f1d00000,0x00000000f1f87fb8,0x00000000f8e80000)
  to   space 116224K, 0% used [0x00000000f8e80000,0x00000000f8e80000,0x0000000100000000)
 ParOldGen       total 340992K, used 209310K [0x00000000c0000000, 0x00000000d4d00000, 0x00000000eaa80000)
  object space 340992K, 61% used [0x00000000c0000000,0x00000000ccc67b10,0x00000000d4d00000)
 PSPermGen       total 83968K, used 72527K [0x00000000bae00000, 0x00000000c0000000, 0x00000000c0000000)
  object space 83968K, 86% used [0x00000000bae00000,0x00000000bf4d3c40,0x00000000c0000000)

Card table byte_map: [0x00000000056e0000,0x0000000005910000] byte_map_base: 0x0000000005109000

Polling page: 0x0000000000420000

Code Cache  [0x0000000002620000, 0x00000000030f0000, 0x0000000005620000)
 total_blobs=3087 nmethods=2589 adapters=457 free_code_cache=38237Kb largest_free_block=39033536

Compilation events (10 events):
Event: 372.895 Thread 0x000000000ad21000 2933             com.google.gwt.user.client.rpc.impl.ClientSerializationStreamReader$RpcDecoder::getValues (5 bytes)
Event: 372.895 Thread 0x000000000ad21000 nmethod 2933 0x000000000304ef90 code [0x000000000304f0c0, 0x000000000304f118]
Event: 373.302 Thread 0x000000000ad21800 2934             com.google.gwt.thirdparty.streamhtmlparser.util.CharacterRecorder::maybeRecord (30 bytes)
Event: 373.305 Thread 0x000000000ad21800 nmethod 2934 0x000000000304d490 code [0x000000000304d5e0, 0x000000000304d8a8]
Event: 373.342 Thread 0x000000000ad21000 2935             com.google.gwt.thirdparty.streamhtmlparser.impl.InternalState::getId (5 bytes)
Event: 373.342 Thread 0x000000000ad21000 nmethod 2935 0x0000000003068790 code [0x00000000030688c0, 0x0000000003068918]
Event: 412.123 Thread 0x000000000ad21800 2936   !         java.lang.StringCoding::decode (120 bytes)
Event: 412.175 Thread 0x000000000ad21800 nmethod 2936 0x00000000030e3050 code [0x00000000030e3340, 0x00000000030e4818]
Event: 417.840 Thread 0x000000000ad21000 2937             java.io.DataOutputStream::writeBoolean (22 bytes)
Event: 417.843 Thread 0x000000000ad21000 nmethod 2937 0x0000000003068450 code [0x00000000030685a0, 0x0000000003068688]

GC Heap History (10 events):
Event: 229.097 GC heap before
{Heap before GC invocations=26 (full 3):
 PSYoungGen      total 233472K, used 133603K [0x00000000eaa80000, 0x0000000100000000, 0x0000000100000000)
  eden space 117248K, 100% used [0x00000000eaa80000,0x00000000f1d00000,0x00000000f1d00000)
  from space 116224K, 14% used [0x00000000f8e80000,0x00000000f9e78e18,0x0000000100000000)
  to   space 116224K, 0% used [0x00000000f1d00000,0x00000000f1d00000,0x00000000f8e80000)
 ParOldGen       total 340992K, used 177556K [0x00000000c0000000, 0x00000000d4d00000, 0x00000000eaa80000)
  object space 340992K, 52% used [0x00000000c0000000,0x00000000cad650d0,0x00000000d4d00000)
 PSPermGen       total 83968K, used 67136K [0x00000000bae00000, 0x00000000c0000000, 0x00000000c0000000)
  object space 83968K, 79% used [0x00000000bae00000,0x00000000bef90288,0x00000000c0000000)
Event: 229.123 GC heap after
Heap after GC invocations=26 (full 3):
 PSYoungGen      total 233472K, used 2655K [0x00000000eaa80000, 0x0000000100000000, 0x0000000100000000)
  eden space 117248K, 0% used [0x00000000eaa80000,0x00000000eaa80000,0x00000000f1d00000)
  from space 116224K, 2% used [0x00000000f1d00000,0x00000000f1f97e80,0x00000000f8e80000)
  to   space 116224K, 0% used [0x00000000f8e80000,0x00000000f8e80000,0x0000000100000000)
 ParOldGen       total 340992K, used 192665K [0x00000000c0000000, 0x00000000d4d00000, 0x00000000eaa80000)
  object space 340992K, 56% used [0x00000000c0000000,0x00000000cbc26460,0x00000000d4d00000)
 PSPermGen       total 83968K, used 67136K [0x00000000bae00000, 0x00000000c0000000, 0x00000000c0000000)
  object space 83968K, 79% used [0x00000000bae00000,0x00000000bef90288,0x00000000c0000000)
}
Event: 337.960 GC heap before
{Heap before GC invocations=27 (full 3):
 PSYoungGen      total 233472K, used 119903K [0x00000000eaa80000, 0x0000000100000000, 0x0000000100000000)
  eden space 117248K, 100% used [0x00000000eaa80000,0x00000000f1d00000,0x00000000f1d00000)
  from space 116224K, 2% used [0x00000000f1d00000,0x00000000f1f97e80,0x00000000f8e80000)
  to   space 116224K, 0% used [0x00000000f8e80000,0x00000000f8e80000,0x0000000100000000)
 ParOldGen       total 340992K, used 192665K [0x00000000c0000000, 0x00000000d4d00000, 0x00000000eaa80000)
  object space 340992K, 56% used [0x00000000c0000000,0x00000000cbc26460,0x00000000d4d00000)
 PSPermGen       total 83968K, used 67153K [0x00000000bae00000, 0x00000000c0000000, 0x00000000c0000000)
  object space 83968K, 79% used [0x00000000bae00000,0x00000000bef947e0,0x00000000c0000000)
Event: 337.966 GC heap after
Heap after GC invocations=27 (full 3):
 PSYoungGen      total 233472K, used 932K [0x00000000eaa80000, 0x0000000100000000, 0x0000000100000000)
  eden space 117248K, 0% used [0x00000000eaa80000,0x00000000eaa80000,0x00000000f1d00000)
  from space 116224K, 0% used [0x00000000f8e80000,0x00000000f8f69030,0x0000000100000000)
  to   space 116224K, 0% used [0x00000000f1d00000,0x00000000f1d00000,0x00000000f8e80000)
 ParOldGen       total 340992K, used 193945K [0x00000000c0000000, 0x00000000d4d00000, 0x00000000eaa80000)
  object space 340992K, 56% used [0x00000000c0000000,0x00000000cbd66490,0x00000000d4d00000)
 PSPermGen       total 83968K, used 67153K [0x00000000bae00000, 0x00000000c0000000, 0x00000000c0000000)
  object space 83968K, 79% used [0x00000000bae00000,0x00000000bef947e0,0x00000000c0000000)
}
Event: 368.027 GC heap before
{Heap before GC invocations=28 (full 3):
 PSYoungGen      total 233472K, used 118180K [0x00000000eaa80000, 0x0000000100000000, 0x0000000100000000)
  eden space 117248K, 100% used [0x00000000eaa80000,0x00000000f1d00000,0x00000000f1d00000)
  from space 116224K, 0% used [0x00000000f8e80000,0x00000000f8f69030,0x0000000100000000)
  to   space 116224K, 0% used [0x00000000f1d00000,0x00000000f1d00000,0x00000000f8e80000)
 ParOldGen       total 340992K, used 193945K [0x00000000c0000000, 0x00000000d4d00000, 0x00000000eaa80000)
  object space 340992K, 56% used [0x00000000c0000000,0x00000000cbd66490,0x00000000d4d00000)
 PSPermGen       total 83968K, used 67174K [0x00000000bae00000, 0x00000000c0000000, 0x00000000c0000000)
  object space 83968K, 79% used [0x00000000bae00000,0x00000000bef99928,0x00000000c0000000)
Event: 368.035 GC heap after
Heap after GC invocations=28 (full 3):
 PSYoungGen      total 233472K, used 2637K [0x00000000eaa80000, 0x0000000100000000, 0x0000000100000000)
  eden space 117248K, 0% used [0x00000000eaa80000,0x00000000eaa80000,0x00000000f1d00000)
  from space 116224K, 2% used [0x00000000f1d00000,0x00000000f1f937c0,0x00000000f8e80000)
  to   space 116224K, 0% used [0x00000000f8e80000,0x00000000f8e80000,0x0000000100000000)
 ParOldGen       total 340992K, used 194376K [0x00000000c0000000, 0x00000000d4d00000, 0x00000000eaa80000)
  object space 340992K, 57% used [0x00000000c0000000,0x00000000cbdd20f0,0x00000000d4d00000)
 PSPermGen       total 83968K, used 67174K [0x00000000bae00000, 0x00000000c0000000, 0x00000000c0000000)
  object space 83968K, 79% used [0x00000000bae00000,0x00000000bef99928,0x00000000c0000000)
}
Event: 368.844 GC heap before
{Heap before GC invocations=29 (full 3):
 PSYoungGen      total 233472K, used 119885K [0x00000000eaa80000, 0x0000000100000000, 0x0000000100000000)
  eden space 117248K, 100% used [0x00000000eaa80000,0x00000000f1d00000,0x00000000f1d00000)
  from space 116224K, 2% used [0x00000000f1d00000,0x00000000f1f937c0,0x00000000f8e80000)
  to   space 116224K, 0% used [0x00000000f8e80000,0x00000000f8e80000,0x0000000100000000)
 ParOldGen       total 340992K, used 194376K [0x00000000c0000000, 0x00000000d4d00000, 0x00000000eaa80000)
  object space 340992K, 57% used [0x00000000c0000000,0x00000000cbdd20f0,0x00000000d4d00000)
 PSPermGen       total 83968K, used 68495K [0x00000000bae00000, 0x00000000c0000000, 0x00000000c0000000)
  object space 83968K, 81% used [0x00000000bae00000,0x00000000bf0e3c58,0x00000000c0000000)
Event: 368.866 GC heap after
Heap after GC invocations=29 (full 3):
 PSYoungGen      total 233472K, used 14005K [0x00000000eaa80000, 0x0000000100000000, 0x0000000100000000)
  eden space 117248K, 0% used [0x00000000eaa80000,0x00000000eaa80000,0x00000000f1d00000)
  from space 116224K, 12% used [0x00000000f8e80000,0x00000000f9c2d4b0,0x0000000100000000)
  to   space 116224K, 0% used [0x00000000f1d00000,0x00000000f1d00000,0x00000000f8e80000)
 ParOldGen       total 340992K, used 196058K [0x00000000c0000000, 0x00000000d4d00000, 0x00000000eaa80000)
  object space 340992K, 57% used [0x00000000c0000000,0x00000000cbf76be0,0x00000000d4d00000)
 PSPermGen       total 83968K, used 68495K [0x00000000bae00000, 0x00000000c0000000, 0x00000000c0000000)
  object space 83968K, 81% used [0x00000000bae00000,0x00000000bf0e3c58,0x00000000c0000000)
}
Event: 371.486 GC heap before
{Heap before GC invocations=30 (full 3):
 PSYoungGen      total 233472K, used 131253K [0x00000000eaa80000, 0x0000000100000000, 0x0000000100000000)
  eden space 117248K, 100% used [0x00000000eaa80000,0x00000000f1d00000,0x00000000f1d00000)
  from space 116224K, 12% used [0x00000000f8e80000,0x00000000f9c2d4b0,0x0000000100000000)
  to   space 116224K, 0% used [0x00000000f1d00000,0x00000000f1d00000,0x00000000f8e80000)
 ParOldGen       total 340992K, used 196058K [0x00000000c0000000, 0x00000000d4d00000, 0x00000000eaa80000)
  object space 340992K, 57% used [0x00000000c0000000,0x00000000cbf76be0,0x00000000d4d00000)
 PSPermGen       total 83968K, used 71421K [0x00000000bae00000, 0x00000000c0000000, 0x00000000c0000000)
  object space 83968K, 85% used [0x00000000bae00000,0x00000000bf3bf498,0x00000000c0000000)
Event: 371.509 GC heap after
Heap after GC invocations=30 (full 3):
 PSYoungGen      total 233472K, used 2591K [0x00000000eaa80000, 0x0000000100000000, 0x0000000100000000)
  eden space 117248K, 0% used [0x00000000eaa80000,0x00000000eaa80000,0x00000000f1d00000)
  from space 116224K, 2% used [0x00000000f1d00000,0x00000000f1f87fb8,0x00000000f8e80000)
  to   space 116224K, 0% used [0x00000000f8e80000,0x00000000f8e80000,0x0000000100000000)
 ParOldGen       total 340992K, used 209310K [0x00000000c0000000, 0x00000000d4d00000, 0x00000000eaa80000)
  object space 340992K, 61% used [0x00000000c0000000,0x00000000ccc67b10,0x00000000d4d00000)
 PSPermGen       total 83968K, used 71421K [0x00000000bae00000, 0x00000000c0000000, 0x00000000c0000000)
  object space 83968K, 85% used [0x00000000bae00000,0x00000000bf3bf498,0x00000000c0000000)
}

Deoptimization events (10 events):
Event: 369.277 Thread 0x000000000e511000 Uncommon trap: reason=range_check action=none pc=0x0000000002b154b8 method=org.eclipse.jdt.internal.compiler.parser.Scanner.getNextToken()I @ 93
Event: 369.492 Thread 0x000000000e511000 Uncommon trap: reason=unhandled action=none pc=0x000000000273db50 method=com.sun.org.apache.xerces.internal.impl.XMLEntityScanner.load(IZ)Z @ 158
Event: 369.503 Thread 0x000000000e511000 Uncommon trap: reason=range_check action=none pc=0x0000000002b154b8 method=org.eclipse.jdt.internal.compiler.parser.Scanner.getNextToken()I @ 93
Event: 369.718 Thread 0x000000000e511000 Uncommon trap: reason=unhandled action=none pc=0x000000000273db50 method=com.sun.org.apache.xerces.internal.impl.XMLEntityScanner.load(IZ)Z @ 158
Event: 369.747 Thread 0x000000000e511000 Uncommon trap: reason=range_check action=none pc=0x0000000002b154b8 method=org.eclipse.jdt.internal.compiler.parser.Scanner.getNextToken()I @ 93
Event: 370.548 Thread 0x000000000e511000 Uncommon trap: reason=unhandled action=none pc=0x000000000273db50 method=com.sun.org.apache.xerces.internal.impl.XMLEntityScanner.load(IZ)Z @ 158
Event: 370.559 Thread 0x000000000e511000 Uncommon trap: reason=range_check action=none pc=0x0000000002b154b8 method=org.eclipse.jdt.internal.compiler.parser.Scanner.getNextToken()I @ 93
Event: 371.230 Thread 0x000000000b99a000 Uncommon trap: reason=range_check action=none pc=0x000000000283b04c method=sun.reflect.generics.parser.SignatureParser.current()C @ 34
Event: 371.321 Thread 0x000000000b99a000 Uncommon trap: reason=range_check action=none pc=0x000000000283b04c method=sun.reflect.generics.parser.SignatureParser.current()C @ 34
Event: 372.336 Thread 0x000000000e511000 Uncommon trap: reason=unreached action=reinterpret pc=0x000000000309b600 method=com.google.gwt.dev.js.rhino.Node.addChildToBack(Lcom/google/gwt/dev/js/rhino/Node;)V @ 9

Internal exceptions (10 events):
Event: 370.607 Thread 0x000000000e511000 Threw 0x00000000f1163898 at C:\re\jdk7u51\527\hotspot\src\share\vm\prims\jni.cpp:717
Event: 370.607 Thread 0x000000000e511000 Threw 0x00000000f1165378 at C:\re\jdk7u51\527\hotspot\src\share\vm\prims\jni.cpp:717
Event: 370.608 Thread 0x000000000e511000 Threw 0x00000000f1180470 at C:\re\jdk7u51\527\hotspot\src\share\vm\prims\jni.cpp:717
Event: 370.608 Thread 0x000000000e511000 Threw 0x00000000f1182070 at C:\re\jdk7u51\527\hotspot\src\share\vm\prims\jni.cpp:717
Event: 370.608 Thread 0x000000000e511000 Threw 0x00000000f1190cb0 at C:\re\jdk7u51\527\hotspot\src\share\vm\prims\jni.cpp:717
Event: 370.609 Thread 0x000000000e511000 Threw 0x00000000f1192a50 at C:\re\jdk7u51\527\hotspot\src\share\vm\prims\jni.cpp:717
Event: 370.609 Thread 0x000000000e511000 Threw 0x00000000f119dfe0 at C:\re\jdk7u51\527\hotspot\src\share\vm\prims\jni.cpp:717
Event: 370.609 Thread 0x000000000e511000 Threw 0x00000000f119fb50 at C:\re\jdk7u51\527\hotspot\src\share\vm\prims\jni.cpp:717
Event: 371.230 Thread 0x000000000b99a000 Threw 0x00000000f1ad0858 at C:\re\jdk7u51\527\hotspot\src\share\vm\interpreter\interpreterRuntime.cpp:347
Event: 371.321 Thread 0x000000000b99a000 Threw 0x00000000f1ae8848 at C:\re\jdk7u51\527\hotspot\src\share\vm\interpreter\interpreterRuntime.cpp:347

Events (10 events):
Event: 378.961 loading class 0x000000000bb4c610 done
Event: 379.063 loading class 0x0000000013b5e840
Event: 379.063 loading class 0x0000000013b5e840 done
Event: 414.924 Executing VM operation: RevokeBias
Event: 414.924 Executing VM operation: RevokeBias done
Event: 414.924 Thread 0x000000000e50b800 Thread exited: 0x000000000e50b800
Event: 432.770 Executing VM operation: RevokeBias
Event: 432.771 Executing VM operation: RevokeBias done
Event: 432.771 Thread 0x000000000e510000 Thread exited: 0x000000000e510000
Event: 433.365 Thread 0x000000000e50b000 Thread exited: 0x000000000e50b000


Dynamic libraries:
0x000000013ff90000 - 0x000000013ffc3000 	C:\Program Files\Java\jdk1.7.0_51\jre\bin\javaw.exe
0x0000000076f70000 - 0x0000000077119000 	C:\Windows\SYSTEM32\ntdll.dll
0x0000000076e50000 - 0x0000000076f6f000 	C:\Windows\system32\kernel32.dll
0x000007fefd030000 - 0x000007fefd09c000 	C:\Windows\system32\KERNELBASE.dll
0x000007fefef30000 - 0x000007feff00b000 	C:\Windows\system32\ADVAPI32.dll
0x000007feff070000 - 0x000007feff10f000 	C:\Windows\system32\msvcrt.dll
0x000007fefdb20000 - 0x000007fefdb3f000 	C:\Windows\SYSTEM32\sechost.dll
0x000007fefea70000 - 0x000007fefeb9d000 	C:\Windows\system32\RPCRT4.dll
0x0000000076d50000 - 0x0000000076e4a000 	C:\Windows\system32\USER32.dll
0x000007feff210000 - 0x000007feff277000 	C:\Windows\system32\GDI32.dll
0x000007fefea60000 - 0x000007fefea6e000 	C:\Windows\system32\LPK.dll
0x000007feff140000 - 0x000007feff209000 	C:\Windows\system32\USP10.dll
0x000007fefb150000 - 0x000007fefb344000 	C:\Windows\WinSxS\amd64_microsoft.windows.common-controls_6595b64144ccf1df_6.0.7601.17514_none_fa396087175ac9ac\COMCTL32.dll
0x000007fefd7d0000 - 0x000007fefd841000 	C:\Windows\system32\SHLWAPI.dll
0x000007feff110000 - 0x000007feff13e000 	C:\Windows\system32\IMM32.DLL
0x000007fefdb40000 - 0x000007fefdc49000 	C:\Windows\system32\MSCTF.dll
0x000000006b2c0000 - 0x000000006b392000 	C:\Program Files\Java\jdk1.7.0_51\jre\bin\msvcr100.dll
0x0000000060600000 - 0x0000000060dc9000 	C:\Program Files\Java\jdk1.7.0_51\jre\bin\server\jvm.dll
0x000007fef89b0000 - 0x000007fef89b9000 	C:\Windows\system32\WSOCK32.dll
0x000007fefdad0000 - 0x000007fefdb1d000 	C:\Windows\system32\WS2_32.dll
0x000007fefd7c0000 - 0x000007fefd7c8000 	C:\Windows\system32\NSI.dll
0x000007fefada0000 - 0x000007fefaddb000 	C:\Windows\system32\WINMM.dll
0x0000000077140000 - 0x0000000077147000 	C:\Windows\system32\PSAPI.DLL
0x0000000072b10000 - 0x0000000072b1f000 	C:\Program Files\Java\jdk1.7.0_51\jre\bin\verify.dll
0x000000006e9f0000 - 0x000000006ea18000 	C:\Program Files\Java\jdk1.7.0_51\jre\bin\java.dll
0x000000006a7f0000 - 0x000000006a825000 	C:\Program Files\Java\jdk1.7.0_51\jre\bin\jdwp.dll
0x0000000071e60000 - 0x0000000071e68000 	C:\Program Files\Java\jdk1.7.0_51\jre\bin\npt.dll
0x000000006adf0000 - 0x000000006ae13000 	C:\Program Files\Java\jdk1.7.0_51\jre\bin\instrument.dll
0x0000000072110000 - 0x0000000072125000 	C:\Program Files\Java\jdk1.7.0_51\jre\bin\zip.dll
0x0000000071e50000 - 0x0000000071e59000 	C:\Program Files\Java\jdk1.7.0_51\jre\bin\dt_socket.dll
0x000007fefba50000 - 0x000007fefba65000 	C:\Windows\system32\NLAapi.dll
0x000007fef5da0000 - 0x000007fef5db5000 	C:\Windows\system32\napinsp.dll
0x000007fef5d80000 - 0x000007fef5d99000 	C:\Windows\system32\pnrpnsp.dll
0x000007fef6b80000 - 0x000007fef6bae000 	C:\Program Files\Common Files\Microsoft Shared\Windows Live\WLIDNSP.DLL
0x0000000073b60000 - 0x0000000073b86000 	C:\Program Files\Bonjour\mdnsNSP.dll
0x000007fef9ae0000 - 0x000007fef9b07000 	C:\Windows\system32\Iphlpapi.DLL
0x000007fef9ad0000 - 0x000007fef9adb000 	C:\Windows\system32\WINNSI.DLL
0x000007fefc520000 - 0x000007fefc575000 	C:\Windows\System32\mswsock.dll
0x000007fefc3a0000 - 0x000007fefc3fb000 	C:\Windows\system32\DNSAPI.dll
0x000007fef5d70000 - 0x000007fef5d7b000 	C:\Windows\System32\winrnr.dll
0x000007fef98b0000 - 0x000007fef9903000 	C:\Windows\System32\fwpuclnt.dll
0x000007fef6b70000 - 0x000007fef6b78000 	C:\Windows\system32\rasadhlp.dll
0x000007fefbfd0000 - 0x000007fefbfd7000 	C:\Windows\System32\wshtcpip.dll
0x0000000071f40000 - 0x0000000071f59000 	C:\Program Files\Java\jdk1.7.0_51\jre\bin\net.dll
0x000007fefc510000 - 0x000007fefc517000 	C:\Windows\System32\wship6.dll
0x000007fefc580000 - 0x000007fefc598000 	C:\Windows\system32\CRYPTSP.dll
0x000007fefc280000 - 0x000007fefc2c7000 	C:\Windows\system32\rsaenh.dll
0x000007fefcf90000 - 0x000007fefcfae000 	C:\Windows\system32\USERENV.dll
0x000007fefcd80000 - 0x000007fefcd8f000 	C:\Windows\system32\profapi.dll
0x000007fefcc20000 - 0x000007fefcc2f000 	C:\Windows\system32\CRYPTBASE.dll
0x0000000071f20000 - 0x0000000071f31000 	C:\Program Files\Java\jdk1.7.0_51\jre\bin\nio.dll
0x0000000067d30000 - 0x0000000067ec5000 	C:\Program Files\Java\jdk1.7.0_51\jre\bin\awt.dll
0x000007fefee50000 - 0x000007fefef27000 	C:\Windows\system32\OLEAUT32.dll
0x000007fefd510000 - 0x000007fefd713000 	C:\Windows\system32\ole32.dll
0x000007fefad00000 - 0x000007fefad18000 	C:\Windows\system32\DWMAPI.DLL
0x000007fefa220000 - 0x000007fefa345000 	C:\Windows\system32\dbghelp.dll

VM Arguments:
jvm_args: -agentlib:jdwp=transport=dt_socket,suspend=y,address=localhost:60358 -javaagent:C:\Program Files\Google\appengine-java-sdk-1.9.2\lib\agent\appengine-agent.jar -Xmx1024m -Dfile.encoding=Cp1252 
java_command: com.google.gwt.dev.DevMode -startupUrl topten.html -war C:\Users\home\code\RugbyBase\ear\default -remoteUI 59884:649229437021861 -logLevel INFO -server com.google.appengine.tools.development.gwt.AppEngineLauncher -codeServerPort 9997 -port 8888 net.rugby.foundation.core.Core com.gwtfb.GwtFB net.rugby.foundation.topten.topten
Launcher Type: SUN_STANDARD

Environment Variables:
JAVA_HOME=C:\Program Files\Java\jdk1.7.0_51
CLASSPATH=.;C:\Program Files (x86)\QuickTime\QTSystem\QTJava.zip
PATH=C:\Program Files\Java\jdk1.7.0_51\jre\bin;C:\Program Files\Common Files\Microsoft Shared\Windows Live;C:\Program Files (x86)\Common Files\Microsoft Shared\Windows Live;C:\Windows\system32;C:\Windows;C:\Windows\System32\Wbem;C:\Windows\System32\WindowsPowerShell\v1.0\;C:\Program Files (x86)\Windows Live\Shared;C:\Program Files\SlikSvn\bin\;C:\Program Files (x86)\QuickTime\QTSystem\;C:\Program Files (x86)\Git\cmd;C:\Program Files\TortoiseSVN\bin;C:\Program Files\eclipse\;C:\Program Files\Apache\apache-maven-3.2.1\bin;C:\Program Files\Apache\apache-ant-1.8.4\bin;C:\Program Files\Google\appengine-java-sdk-1.9.2\bin
USERNAME=home
OS=Windows_NT
PROCESSOR_IDENTIFIER=AMD64 Family 16 Model 4 Stepping 2, AuthenticAMD



---------------  S Y S T E M  ---------------

OS: Windows 7 , 64 bit Build 7601 Service Pack 1

CPU:total 4 (4 cores per cpu, 1 threads per core) family 16 model 4 stepping 2, cmov, cx8, fxsr, mmx, sse, sse2, sse3, popcnt, mmxext, 3dnowpref, lzcnt, sse4a, tsc, tscinvbit, tscinv

Memory: 4k page, physical 8125684k(1738672k free), swap 16249504k(6576164k free)

vm_info: Java HotSpot(TM) 64-Bit Server VM (24.51-b03) for windows-amd64 JRE (1.7.0_51-b13), built on Dec 18 2013 18:40:56 by "java_re" with unknown MS VC++:1600

time: Thu Oct 23 16:26:04 2014
elapsed time: 457 seconds

