#
# A fatal error has been detected by the Java Runtime Environment:
#
#  EXCEPTION_ACCESS_VIOLATION (0xc0000005) at pc=0x000000006d99b7b7, pid=4136, tid=4236
#
# JRE version: 6.0_26-b03
# Java VM: Java HotSpot(TM) 64-Bit Server VM (20.1-b02 mixed mode windows-amd64 compressed oops)
# Problematic frame:
# V  [jvm.dll+0x10b7b7]
#
# If you would like to submit a bug report, please visit:
#   http://java.sun.com/webapps/bugreport/crash.jsp
#

---------------  T H R E A D  ---------------

Current thread (0x00000000064dd000):  JavaThread "Timer-1" daemon [_thread_in_vm, id=4236, stack(0x000000000c290000,0x000000000c390000)]

siginfo: ExceptionCode=0xc0000005, reading address 0xffffffffffffffff

Registers:
RAX=0x000500110000003b, RBX=0x00000000dae3d340, RCX=0x00000000db579cd0, RDX=0x0000000007f585a0
RSP=0x000000000c38e790, RBP=0x0000000000000031, RSI=0x000000000d18b3f0, RDI=0x0000000007f58598
R8 =0x0000000000000031, R9 =0x00000000064dd000, R10=0x0000000000000000, R11=0x00000000db56d920
R12=0x00000000db579cd0, R13=0x00000000064dd000, R14=0x000000000029c3c0, R15=0x0000000007ca9880
RIP=0x000000006d99b7b7, EFLAGS=0x0000000000010206

Top of Stack: (sp=0x000000000c38e790)
0x000000000c38e790:   000000000c38e900 000000000000015d
0x000000000c38e7a0:   000000000c38e980 0000000007f58550
0x000000000c38e7b0:   000000000000015d 0000000000000008
0x000000000c38e7c0:   000000000029c3c0 0000000007ca9880
0x000000000c38e7d0:   000000000029c3c0 00000000064dd000
0x000000000c38e7e0:   00000000db579cd0 0000000007f584f8
0x000000000c38e7f0:   000000000d18b3f0 0000000000000031
0x000000000c38e800:   00000000dae3d340 000000006da29e91
0x000000000c38e810:   0000000000000031 00000000dae3d340
0x000000000c38e820:   0000000000000031 0000000007f584f8
0x000000000c38e830:   000000000ddfe930 000000000c38f8f8
0x000000000c38e840:   00000000064dd000 0000000000000000
0x000000000c38e850:   00000000064dd000 0000000007ca9880
0x000000000c38e860:   00000000064dd000 00000000064dd1d0
0x000000000c38e870:   00000000064d0001 000000000e3003c0
0x000000000c38e880:   0000000009f363c0 000000000000004b 

Instructions: (pc=0x000000006d99b7b7)
0x000000006d99b797:   cc cc cc cc cc cc cc cc cc 44 89 44 24 18 48 83
0x000000006d99b7a7:   ec 78 48 8b 41 10 48 89 5c 24 70 48 89 6c 24 68
0x000000006d99b7b7:   48 8b 68 30 48 89 74 24 60 48 89 7c 24 58 48 85
0x000000006d99b7c7:   ed 4c 89 64 24 50 4c 89 74 24 40 4d 8b f1 48 8b 


Register to memory mapping:

RAX=0x000500110000003b is an unknown value
RBX=0x00000000dae3d340 is an oop
{instance class} 
 - klass: {other class}
RCX=0x00000000db579cd0 is an oop
{method} 
 - klass: {other class}
RDX=0x0000000007f585a0 is an unknown value
RSP=0x000000000c38e790 is pointing into the stack for thread: 0x00000000064dd000
RBP=0x0000000000000031 is an unknown value
RSI=0x000000000d18b3f0 is an unknown value
RDI=0x0000000007f58598 is an unknown value
R8 =0x0000000000000031 is an unknown value
R9 =0x00000000064dd000 is a thread
R10=0x0000000000000000 is an unknown value
R11=0x00000000db56d920 is an oop
{constant pool} 
 - klass: {other class}
 - cache: 0x00000000db58e848
 -   1 :  : "" {0xdaf01180}
 -   2 :  : " (" {0xdb47b188}
 -   3 :  : "(" {0xdb151c28}
 -   4 :  : "1.0" {0xdb6e2ab8}
 -   5 :  : "<" {0xdb705a08}
 -   6 :  : "ATTRIBUTE_PSVI" {0xdb726a48}
 -   7 :  : "ELEMENT_PSVI" {0xdb726a00}
 -   8 :  : "ENTITY_SKIPPED" {0xdb726b90}
 -   9 :  : "ENUMERATION" {0xdb7039d0}
 -  10 :  : "NOTATION" {0xdb6b65e0}
 -  11 :  : "[dtd]" {0xdb5eb708}
 -  12 :  : "declaration-handler" {0xdb725048}
 -  13 :  : "document-xml-version" {0xdb725178}
 -  14 :  : "dom-node" {0xdb7250f0}
 -  15 :  : "dom-node-read-not-supported" {0xdcf90340}
 -  16 :  : "false-not-supported" {0xdcf903a8}
 -  17 :  : "feature-not-recognized" {0xdcf90400}
 -  18 :  : "feature-not-supported" {0xdcf90460}
 -  19 :  : "feature-read-only" {0xdcf904c0}
 -  20 :  : "http://apache.org/xml/properties/internal/entity-resolver" {0xdb589fb0}
 -  21 :  : "http://apache.org/xml/properties/internal/error-handler" {0xdb58a058}
 -  22 :  : "http://xml.org/sax/features/" {0xdb6c9418}
 -  23 :  : "http://xml.org/sax/features/allow-dtd-events-after-endDTD" {0xdb58be28}
 -  24 :  : "http://xml.org/sax/features/namespace-prefixes" {0xdb564728}
 -  25 :  : "http://xml.org/sax/features/namespaces" {0xdb534000}
 -  26 :  : "http://xml.org/sax/features/string-interning" {0xdb58bda0}
 -  27 :  : "http://xml.org/sax/properties/" {0xdb6bec30}
 -  28 :  : "http://xml.org/sax/properties/declaration-handler" {0xdb58bf60}
 -  29 :  : "http://xml.org/sax/properties/dom-node" {0xdb58bff8}
 -  30 :  : "http://xml.org/sax/properties/lexical-handler" {0xdb58bed0}
 -  31 :  : "incompatible-class" {0xdcf90518}
 -  32 :  : "is-standalone" {0xdb6c9748}
 -  33 :  : "lexical-handler" {0xdb7250a0}
 -  34 :  : "lexical-handler/parameter-entities" {0xdb6c9570}
 -  35 :  : "namespace-prefixes" {0xdb6c94c8}
 -  36 :  : "namespaces" {0xdb6c9480}
 -  37 :  : "org.xml.sax.ext.DeclHandler" {0xdc1e7928}
 -  38 :  : "org.xml.sax.ext.LexicalHandler" {0xdc1e7a70}
 -  39 :  : "property-not-parsing-supported" {0xdcf90570}
 -  40 :  : "property-not-recognized" {0xdcf905e0}
 -  41 :  : "property-not-supported" {0xdcf90640}
 -  42 :  : "property-read-only" {0xdcf906a0}
 -  43 :  : "resolve-dtd-uris" {0xdb6c95e8}
 -  44 :  : "string-interning" {0xdb6c9520}
 -  45 :  : "true-not-supported" {0xdcf906f8}
 -  46 :  : "unicode-normalization-checking" {0xdb6c9638}
 -  47 :  : "use-attributes2" {0xdb6c9798}
 -  48 :  : "use-entity-resolver2" {0xdb6c96f0}
 -  49 :  : "use-locator2" {0xdb6c97e8}
 -  50 :  : "xml-1.1" {0xdb6c9830}
 -  51 :  : "xmlns-uris" {0xdb6c96a8}
 -  52 :  : "yes" {0xdb705958}
 -  53 :  : ''
 -  54 :  : ' ('
 -  55 :  : '('
 -  56 :  : '()I'
 -  57 :  : '()Ljava/lang/String;'
 -  58 :  : '()S'
 -  59 :  : '()V'
 -  60 :  : '(I)Ljava/lang/String;'
 -  61 :  : '(I)V'
 -  62 :  : '(Ljava/lang/Object;)Z'
 -  63 :  : '(Ljava/lang/String;)Ljava/lang/Object;'
 -  64 :  : '(Ljava/lang/String;)Ljava/lang/String;'
 -  65 :  : '(Ljava/lang/String;)Ljava/lang/StringBuffer;'
 -  66 :  : '(Ljava/lang/String;)V'
 -  67 :  : '(Ljava/lang/String;)Z'
 -  68 :  : '(Ljava/lang/String;Ljava/lang/String;)V'
 -  69 :  : '(Ljava/lang/String;Z)V'
 -  70 :  : '(Ljava/util/Locale;)V'
 -  71 :  : '([CII)V'
 -  72 :  : '1.0'
 -  73 :  : '<'
 -  74 :  : '<clinit>'
 -  75 :  : '<init>'
 -  76 :  : 'ALLOW_UE_AND_NOTATION_EVENTS'
 -  77 :  : 'ATTRIBUTE_PSVI'
 -  78 :  : 'BUFFER_SIZE'
 -  79 :  : 'Code'
 -  80 :  : 'ConstantValue'
 -  81 :  : 'DECLARATION_HANDLER'
 -  82 :  : 'DOM_NODE'
 -  83 :  : 'ELEMENT_PSVI'
 -  84 :  : 'ENTITY_SKIPPED'
 -  85 :  : 'ENUMERATION'
 -  86 :  : 'Exceptions'
 -  87 :  : 'I'
 -  88 :  : 'InnerClasses'
 -  89 :  : 'LEXICAL_HANDLER'
 -  90 :  : 'LineNumberTable'
 -  91 :  : 'Ljava/lang/String;'
 -  92 :  : 'NAMESPACES'
 -  93 :  : 'NAMESPACE_PREFIXES'
 -  94 :  : 'NOTATION'
 -  95 :  : 'PREFIX_XMLNS'
 -  96 :  : 'RECOGNIZED_FEATURES'
 -  97 :  : 'RECOGNIZED_PROPERTIES'
 -  98 :  : 'STRING_INTERNING'
 -  99 :  : 'SourceFile'
 - 100 :  : 'TRUE'
 - 101 :  : 'Z'
 - 102 :  : '[C'
 - 103 :  : '[Ljava/lang/String;'
 - 104 :  : '[dtd]'
 - 105 :  : 'addRecognizedFeatures'
 - 106 :  : 'addRecognizedProperties'
 - 107 :  : 'append'
 - 108 :  : 'attributeDecl'
 - 109 :  : 'ch'
 - 110 :  : 'characters'
 - 111 :  : 'clear'
 - 112 :  : 'com/sun/org/apache/xerces/internal/parsers/AbstractSAXParser'
 - 113 :  : 'com/sun/org/apache/xerces/internal/parsers/AbstractSAXParser$1'
 - 114 :  : 'com/sun/org/apache/xerces/internal/parsers/AbstractSAXParser$2'
 - 115 :  : 'com/sun/org/apache/xerces/internal/parsers/AbstractSAXParser$AttributesProxy'
 - 116 :  : 'com/sun/org/apache/xerces/internal/parsers/AbstractSAXParser$LocatorProxy'
 - 117 :  : 'com/sun/org/apache/xerces/internal/parsers/AbstractXMLDocumentParser'
 - 118 :  : 'com/sun/org/apache/xerces/internal/parsers/XML11Configurable'
 - 119 :  : 'com/sun/org/apache/xerces/internal/util/EntityResolver2Wrapper'
 - 120 :  : 'com/sun/org/apache/xerces/internal/util/EntityResolverWrapper'
 - 121 :  : 'com/sun/org/apache/xerces/internal/util/ErrorHandlerWrapper'
 - 122 :  : 'com/sun/org/apache/xerces/internal/util/SAXMessageFormatter'
 - 123 :  : 'com/sun/org/apache/xerces/internal/util/SymbolHash'
 - 124 :  : 'com/sun/org/apache/xerces/internal/util/XMLSymbols'
 - 125 :  : 'com/sun/org/apache/xerces/internal/xni/Augmentations'
 - 126 :  : 'com/sun/org/apache/xerces/internal/xni/NamespaceContext'
 - 127 :  : 'com/sun/org/apache/xerces/internal/xni/QName'
 - 128 :  : 'com/sun/org/apache/xerces/internal/xni/XMLAttributes'
 - 129 :  : 'com/sun/org/apache/xerces/internal/xni/XMLResourceIdentifier'
 - 130 :  : 'com/sun/org/apache/xerces/internal/xni/XMLString'
 - 131 :  : 'com/sun/org/apache/xerces/internal/xni/XNIException'
 - 132 :  : 'com/sun/org/apache/xerces/internal/xni/parser/XMLConfigurationException'
 - 133 :  : 'com/sun/org/apache/xerces/internal/xni/parser/XMLEntityResolver'
 - 134 :  : 'com/sun/org/apache/xerces/internal/xni/parser/XMLErrorHandler'
 - 135 :  : 'com/sun/org/apache/xerces/internal/xni/parser/XMLInputSource'
 - 136 :  : 'com/sun/org/apache/xerces/internal/xni/parser/XMLParseException'
 - 137 :  : 'com/sun/org/apache/xerces/internal/xni/parser/XMLParserConfiguration'
 - 138 :  : 'com/sun/org/apache/xerces/internal/xs/AttributePSVI'
 - 139 :  : 'com/sun/org/apache/xerces/internal/xs/ElementPSVI'
 - 140 :  : 'com/sun/org/apache/xerces/internal/xs/PSVIProvider'
 - 141 :  : 'comment'
 - 142 :  : 'declaration-handler'
 - 143 :  : 'doctypeDecl'
 - 144 :  : 'document-xml-version'
 - 145 :  : 'dom-node'
 - 146 :  : 'dom-node-read-not-supported'
 - 147 :  : 'elementDecl'
 - 148 :  : 'endCDATA'
 - 149 :  : 'endDTD'
 - 150 :  : 'endDocument'
 - 151 :  : 'endElement'
 - 152 :  : 'endEntity'
 - 153 :  : 'endExternalSubset'
 - 154 :  : 'endGeneralEntity'
 - 155 :  : 'endNamespaceMapping'
 - 156 :  : 'endParameterEntity'
 - 157 :  : 'endPrefixMapping'
 - 158 :  : 'endsWith'
 - 159 :  : 'equals'
 - 160 :  : 'externalEntityDecl'
 - 161 :  : 'fAttributes'
 - 162 :  : 'fAttributesProxy'
 - 163 :  : 'fAugmentations'
 - 164 :  : 'fCharBuffer'
 - 165 :  : 'fConfiguration'
 - 166 :  : 'fContentHandler'
 - 167 :  : 'fDTDHandler'
 - 168 :  : 'fDeclHandler'
 - 169 :  : 'fDeclaredAttrs'
 - 170 :  : 'fDocumentHandler'
 - 171 :  : 'fInDTD'
 - 172 :  : 'fLexicalHandler'
 - 173 :  : 'fLexicalHandlerParameterEntities'
 - 174 :  : 'fNamespaceContext'
 - 175 :  : 'fNamespacePrefixes'
 - 176 :  : 'fNamespaces'
 - 177 :  : 'fParseInProgress'
 - 178 :  : 'fQName'
 - 179 :  : 'fResolveDTDURIs'
 - 180 :  : 'fStandalone'
 - 181 :  : 'fUseEntityResolver2'
 - 182 :  : 'fVersion'
 - 183 :  : 'fXMLNSURIs'
 - 184 :  : 'false-not-supported'
 - 185 :  : 'feature-not-recognized'
 - 186 :  : 'feature-not-supported'
 - 187 :  : 'feature-read-only'
 - 188 :  : 'formatMessage'
 - 189 :  : 'get'
 - 190 :  : 'getAttributePSVI'
 - 191 :  : 'getAttributePSVIByName'
 - 192 :  : 'getAugmentations'
 - 193 :  : 'getByteStream'
 - 194 :  : 'getCharacterStream'
 - 195 :  : 'getColumnNumber'
 - 196 :  : 'getContentHandler'
 - 197 :  : 'getDTDHandler'
 - 198 :  : 'getDeclHandler'
 - 199 :  : 'getDeclaredPrefixAt'
 - 200 :  : 'getDeclaredPrefixCount'
 - 201 :  : 'getElementPSVI'
 - 202 :  : 'getEncoding'
 - 203 :  : 'getEntityResolver'
 - 204 :  : 'getErrorHandler'
 - 205 :  : 'getException'
 - 206 :  : 'getExpandedSystemId'
 - 207 :  : 'getFeature'
 - 208 :  : 'getIdentifier'
 - 209 :  : 'getItem'
 - 210 :  : 'getLength'
 - 211 :  : 'getLexicalHandler'
 - 212 :  : 'getLineNumber'
 - 213 :  : 'getLiteralSystemId'
 - 214 :  : 'getLocale'
 - 215 :  : 'getMessage'
 - 216 :  : 'getName'
 - 217 :  : 'getProperty'
 - 218 :  : 'getPublicId'
 - 219 :  : 'getSystemId'
 - 220 :  : 'getType'
 - 221 :  : 'getURI'
 - 222 :  : 'http://apache.org/xml/properties/internal/entity-resolver'
 - 223 :  : 'http://apache.org/xml/properties/internal/error-handler'
 - 224 :  : 'http://xml.org/sax/features/'
 - 225 :  : 'http://xml.org/sax/features/allow-dtd-events-after-endDTD'
 - 226 :  : 'http://xml.org/sax/features/namespace-prefixes'
 - 227 :  : 'http://xml.org/sax/features/namespaces'
 - 228 :  : 'http://xml.org/sax/features/string-interning'
 - 229 :  : 'http://xml.org/sax/properties/'
 - 230 :  : 'http://xml.org/sax/properties/declaration-handler'
 - 231 :  : 'http://xml.org/sax/properties/dom-node'
 - 232 :  : 'http://xml.org/sax/properties/lexical-handler'
 - 233 :  : 'ignorableWhitespace'
 - 234 :  : 'incompatible-class'
 - 235 :  : 'internalEntityDecl'
 - 236 :  : 'is-standalone'
 - 237 :  : 'java/io/IOException'
 - 238 :  : 'java/lang/Boolean'
 - 239 :  : 'java/lang/ClassCastException'
 - 240 :  : 'java/lang/Object'
 - 241 :  : 'java/lang/String'
 - 242 :  : 'java/lang/StringBuffer'
 - 243 :  : 'length'
 - 244 :  : 'lexical-handler'
 - 245 :  : 'lexical-handler/parameter-entities'
 - 246 :  : 'localpart'
 - 247 :  : 'namespace-prefixes'
 - 248 :  : 'namespaces'
 - 249 :  : 'notationDecl'
 - 250 :  : 'offset'
 - 251 :  : 'org.xml.sax.ext.DeclHandler'
 - 252 :  : 'org.xml.sax.ext.LexicalHandler'
 - 253 :  : 'org/xml/sax/ContentHandler'
 - 254 :  : 'org/xml/sax/DTDHandler'
 - 255 :  : 'org/xml/sax/DocumentHandler'
 - 256 :  : 'org/xml/sax/InputSource'
 - 257 :  : 'org/xml/sax/Parser'
 - 258 :  : 'org/xml/sax/SAXException'
 - 259 :  : 'org/xml/sax/SAXNotRecognizedException'
 - 260 :  : 'org/xml/sax/SAXNotSupportedException'
 - 261 :  : 'org/xml/sax/SAXParseException'
 - 262 :  : 'org/xml/sax/XMLReader'
 - 263 :  : 'org/xml/sax/ext/DeclHandler'
 - 264 :  : 'org/xml/sax/ext/EntityResolver2'
 - 265 :  : 'org/xml/sax/ext/LexicalHandler'
 - 266 :  : 'org/xml/sax/helpers/LocatorImpl'
 - 267 :  : 'parse'
 - 268 :  : 'prefix'
 - 269 :  : 'processingInstruction'
 - 270 :  : 'property-not-parsing-supported'
 - 271 :  : 'property-not-recognized'
 - 272 :  : 'property-not-supported'
 - 273 :  : 'property-read-only'
 - 274 :  : 'put'
 - 275 :  : 'rawname'
 - 276 :  : 'removeAttributeAt'
 - 277 :  : 'reset'
 - 278 :  : 'resolve-dtd-uris'
 - 279 :  : 'setAttributes'
 - 280 :  : 'setByteStream'
 - 281 :  : 'setCharacterStream'
 - 282 :  : 'setColumnNumber'
 - 283 :  : 'setContentHandler'
 - 284 :  : 'setDTDHandler'
 - 285 :  : 'setDeclHandler'
 - 286 :  : 'setDocumentHandler'
 - 287 :  : 'setDocumentLocator'
 - 288 :  : 'setEncoding'
 - 289 :  : 'setEntityResolver'
 - 290 :  : 'setErrorHandler'
 - 291 :  : 'setFeature'
 - 292 :  : 'setLexicalHandler'
 - 293 :  : 'setLineNumber'
 - 294 :  : 'setLocale'
 - 295 :  : 'setName'
 - 296 :  : 'setProperty'
 - 297 :  : 'setPublicId'
 - 298 :  : 'setSystemId'
 - 299 :  : 'skippedEntity'
 - 300 :  : 'startCDATA'
 - 301 :  : 'startDTD'
 - 302 :  : 'startDocument'
 - 303 :  : 'startElement'
 - 304 :  : 'startEntity'
 - 305 :  : 'startExternalSubset'
 - 306 :  : 'startGeneralEntity'
 - 307 :  : 'startNamespaceMapping'
 - 308 :  : 'startParameterEntity'
 - 309 :  : 'startPrefixMapping'
 - 310 :  : 'startsWith'
 - 311 :  : 'string-interning'
 - 312 :  : 'toString'
 - 313 :  : 'true-not-supported'
 - 314 :  : 'unicode-normalization-checking'
 - 315 :  : 'unparsedEntityDecl'
 - 316 :  : 'uri'
 - 317 :  : 'use-attributes2'
 - 318 :  : 'use-entity-resolver2'
 - 319 :  : 'use-locator2'
 - 320 :  : 'xml-1.1'
 - 321 :  : 'xmlDecl'
 - 322 :  : 'xmlns-uris'
 - 323 :  : 'yes'
 - 324 :  : 20
 - 325 :  : 'com/sun/org/apache/xerces/internal/parsers/AbstractSAXParser' {0xdb58b560}
 - 326 :  : 'com/sun/org/apache/xerces/internal/parsers/AbstractSAXParser$1'
 - 327 :  : 'com/sun/org/apache/xerces/internal/parsers/AbstractSAXParser$2'
 - 328 :  : 'com/sun/org/apache/xerces/internal/parsers/AbstractSAXParser$AttributesProxy' {0xdb6c5e80}
 - 329 :  : 'com/sun/org/apache/xerces/internal/parsers/AbstractSAXParser$LocatorProxy' {0xdb7052c0}
 - 330 :  : 'com/sun/org/apache/xerces/internal/parsers/AbstractXMLDocumentParser' {0xdb58ae10}
 - 331 :  : 'com/sun/org/apache/xerces/internal/parsers/XML11Configurable'
 - 332 :  : 'com/sun/org/apache/xerces/internal/util/EntityResolver2Wrapper' {0xde0670c8}
 - 333 :  : 'com/sun/org/apache/xerces/internal/util/EntityResolverWrapper' {0xdb6d9788}
 - 334 :  : 'com/sun/org/apache/xerces/internal/util/ErrorHandlerWrapper' {0xdb6dc6c0}
 - 335 :  : 'com/sun/org/apache/xerces/internal/util/SAXMessageFormatter'
 - 336 :  : 'com/sun/org/apache/xerces/internal/util/SymbolHash'
 - 337 :  : 'com/sun/org/apache/xerces/internal/util/XMLSymbols' {0xdb703350}
 - 338 :  : 'com/sun/org/apache/xerces/internal/xni/Augmentations'
 - 339 :  : 'com/sun/org/apache/xerces/internal/xni/NamespaceContext' {0xdb641a68}
 - 340 :  : 'com/sun/org/apache/xerces/internal/xni/QName' {0xdb62cc48}
 - 341 :  : 'com/sun/org/apache/xerces/internal/xni/XMLAttributes' {0xdb639768}
 - 342 :  : 'com/sun/org/apache/xerces/internal/xni/XMLResourceIdentifier' {0xdb5eee78}
 - 343 :  : 'com/sun/org/apache/xerces/internal/xni/XMLString' {0xdb628e10}
 - 344 :  : 'com/sun/org/apache/xerces/internal/xni/XNIException'
 - 345 :  : 'com/sun/org/apache/xerces/internal/xni/parser/XMLConfigurationException'
 - 346 :  : 'com/sun/org/apache/xerces/internal/xni/parser/XMLEntityResolver' {0xdb5e01f8}
 - 347 :  : 'com/sun/org/apache/xerces/internal/xni/parser/XMLErrorHandler' {0xdb6db938}
 - 348 :  : 'com/sun/org/apache/xerces/internal/xni/parser/XMLInputSource' {0xdb6e08e8}
 - 349 :  : 'com/sun/org/apache/xerces/internal/xni/parser/XMLParseException'
 - 350 :  : 'com/sun/org/apache/xerces/internal/xni/parser/XMLParserConfiguration' {0xdb5b5a28}
 - 351 :  : 'com/sun/org/apache/xerces/internal/xs/AttributePSVI'
 - 352 :  : 'com/sun/org/apache/xerces/internal/xs/ElementPSVI'
 - 353 :  : 'com/sun/org/apache/xerces/internal/xs/PSVIProvider'
 - 354 :  : 'java/io/IOException'
 - 355 :  : 'java/lang/Boolean'
 - 356 :  : 'java/lang/ClassCastException'
 - 357 :  : 'java/lang/Object'
 - 358 :  : 'java/lang/String' {0xdae12b50}
 - 359 :  : 'java/lang/StringBuffer'
 - 360 :  : 'org/xml/sax/ContentHandler' {0xdb501c30}
 - 361 :  : 'org/xml/sax/DTDHandler' {0xdb4ff398}
 - 362 :  : 'org/xml/sax/DocumentHandler'
 - 363 :  : 'org/xml/sax/InputSource' {0xdb6d7880}
 - 364 :  : 'org/xml/sax/Parser'
 - 365 :  : 'org/xml/sax/SAXException'
 - 366 :  : 'org/xml/sax/SAXNotRecognizedException'
 - 367 :  : 'org/xml/sax/SAXNotSupportedException'
 - 368 :  : 'org/xml/sax/SAXParseException'
 - 369 :  : 'org/xml/sax/XMLReader'
 - 370 :  : 'org/xml/sax/ext/DeclHandler'
 - 371 :  : 'org/xml/sax/ext/EntityResolver2' {0xdb6d8988}
 - 372 :  : 'org/xml/sax/ext/LexicalHandler'
 - 373 :  : 'org/xml/sax/helpers/LocatorImpl'
 - 374 :  : 'Lcom/sun/org/apache/xerces/internal/parsers/AbstractSAXParser$AttributesProxy;'
 - 375 :  : 'Lcom/sun/org/apache/xerces/internal/util/SymbolHash;'
 - 376 :  : 'Lcom/sun/org/apache/xerces/internal/xni/Augmentations;'
 - 377 :  : 'Lcom/sun/org/apache/xerces/internal/xni/NamespaceContext;'
 - 378 :  : 'Lcom/sun/org/apache/xerces/internal/xni/QName;'
 - 379 :  : 'Lcom/sun/org/apache/xerces/internal/xni/XMLAttributes;'
 - 380 :  : 'Lcom/sun/org/apache/xerces/internal/xni/parser/XMLParserConfiguration;'
 - 381 :  : 'Ljava/lang/Boolean;'
 - 382 :  : 'Lorg/xml/sax/ContentHandler;'
 - 383 :  : 'Lorg/xml/sax/DTDHandler;'
 - 384 :  : 'Lorg/xml/sax/DocumentHandler;'
 - 385 :  : 'Lorg/xml/sax/ext/DeclHandler;'
 - 386 :  : 'Lorg/xml/sax/ext/LexicalHandler;'
 - 387 :  : '(Lcom/sun/org/apache/xerces/internal/parsers/AbstractSAXParser;)V'
 - 388 :  : '(I)Lcom/sun/org/apache/xerces/internal/xni/Augmentations;'
 - 389 :  : '(Lcom/sun/org/apache/xerces/internal/xni/Augmentations;)V'
 - 390 :  : '(ILcom/sun/org/apache/xerces/internal/xni/QName;)V'
 - 391 :  : '(Lcom/sun/org/apache/xerces/internal/xni/XMLAttributes;)V'
 - 392 :  : '(Lcom/sun/org/apache/xerces/internal/xni/parser/XMLInputSource;)V'
 - 393 :  : '(Lcom/sun/org/apache/xerces/internal/xni/parser/XMLParserConfiguration;)V'
 - 394 :  : '(I)Lcom/sun/org/apache/xerces/internal/xs/AttributePSVI;'
 - 395 :  : '()Lcom/sun/org/apache/xerces/internal/xs/ElementPSVI;'
 - 396 :  : '()Ljava/io/InputStream;'
 - 397 :  : '(Ljava/io/InputStream;)V'
 - 398 :  : '()Ljava/io/Reader;'
 - 399 :  : '(Ljava/io/Reader;)V'
 - 400 :  : '()Ljava/lang/Exception;'
 - 401 :  : '(Ljava/lang/Exception;)V'
 - 402 :  : '([Ljava/lang/String;)V'
 - 403 :  : '(C)Ljava/lang/StringBuffer;'
 - 404 :  : '()Ljava/util/Locale;'
 - 405 :  : '()Lorg/xml/sax/ContentHandler;'
 - 406 :  : '(Lorg/xml/sax/ContentHandler;)V'
 - 407 :  : '()Lorg/xml/sax/DTDHandler;'
 - 408 :  : '(Lorg/xml/sax/DTDHandler;)V'
 - 409 :  : '(Lorg/xml/sax/DocumentHandler;)V'
 - 410 :  : '()Lorg/xml/sax/EntityResolver;'
 - 411 :  : '(Lorg/xml/sax/EntityResolver;)V'
 - 412 :  : '()Lorg/xml/sax/ErrorHandler;'
 - 413 :  : '(Lorg/xml/sax/ErrorHandler;)V'
 - 414 :  : '(Lorg/xml/sax/InputSource;)V'
 - 415 :  : '(Lorg/xml/sax/Locator;)V'
 - 416 :  : '()Lorg/xml/sax/ext/DeclHandler;'
 - 417 :  : '(Lorg/xml/sax/ext/DeclHandler;)V'
 - 418 :  : '()Lorg/xml/sax/ext/EntityResolver2;'
 - 419 :  : '(Lorg/xml/sax/ext/EntityResolver2;)V'
 - 420 :  : '()Lorg/xml/sax/ext/LexicalHandler;'
 - 421 :  : '(Lorg/xml/sax/ext/LexicalHandler;)V'
 - 422 :  : '(Lcom/sun/org/apache/xerces/internal/xni/QName;Lcom/sun/org/apache/xerces/internal/xni/Augmentations;)V'
 - 423 :  : '(Lcom/sun/org/apache/xerces/internal/xni/XMLResourceIdentifier;Lcom/sun/org/apache/xerces/internal/xni/Augmentations;)V'
 - 424 :  : '(Lcom/sun/org/apache/xerces/internal/xni/XMLString;Lcom/sun/org/apache/xerces/internal/xni/Augmentations;)V'
 - 425 :  : '(Ljava/lang/String;Lcom/sun/org/apache/xerces/internal/xni/Augmentations;)V'
 - 426 :  : '(Lcom/sun/org/apache/xerces/internal/parsers/AbstractSAXParser;Lcom/sun/org/apache/xerces/internal/xni/XMLLocator;)V'
 - 427 :  : '(Ljava/lang/Object;)Ljava/lang/Object;'
 - 428 :  : '(Ljava/lang/Object;Ljava/lang/Object;)V'
 - 429 :  : '(Ljava/lang/String;Ljava/lang/Object;)V'
 - 430 :  : '(Ljava/lang/String;Lorg/xml/sax/AttributeList;)V'
 - 431 :  : '(Ljava/lang/String;Lorg/xml/sax/Locator;)V'
 - 432 :  : '(Lcom/sun/org/apache/xerces/internal/xni/QName;Lcom/sun/org/apache/xerces/internal/xni/XMLAttributes;Lcom/sun/org/apache/xerces/internal/xni/Augmentations;)V'
 - 433 :  : '(Ljava/lang/String;Lcom/sun/org/apache/xerces/internal/xni/XMLResourceIdentifier;Lcom/sun/org/apache/xerces/internal/xni/Augmentations;)V'
 - 434 :  : '(Ljava/lang/String;Lcom/sun/org/apache/xerces/internal/xni/XMLString;Lcom/sun/org/apache/xerces/internal/xni/Augmentations;)V'
 - 435 :  : '(Ljava/lang/String;Ljava/lang/String;)Lcom/sun/org/apache/xerces/internal/xni/Augmentations;'
 - 436 :  : '(Ljava/lang/String;Ljava/lang/String;Lcom/sun/org/apache/xerces/internal/xni/Augmentations;)V'
 - 437 :  : '(Ljava/lang/String;Ljava/lang/String;)Lcom/sun/org/apache/xerces/internal/xs/AttributePSVI;'
 - 438 :  : '(Ljava/lang/String;Ljava/lang/String;Ljava/lang/String;)V'
 - 439 :  : '(Lcom/sun/org/apache/xerces/internal/xni/XMLLocator;Ljava/lang/String;Lcom/sun/org/apache/xerces/internal/xni/NamespaceContext;Lcom/sun/org/apache/xerces/internal/xni/Augmentations;)V'
 - 440 :  : '(Ljava/lang/String;Lcom/sun/org/apache/xerces/internal/xni/XMLString;Lcom/sun/org/apache/xerces/internal/xni/XMLString;Lcom/sun/org/apache/xerces/internal/xni/Augmentations;)V'
 - 441 :  : '(Ljava/lang/String;Lcom/sun/org/apache/xerces/internal/xni/XMLResourceIdentifier;Ljava/lang/String;Lcom/sun/org/apache/xerces/internal/xni/Augmentations;)V'
 - 442 :  : '(Ljava/lang/String;Ljava/lang/String;Ljava/lang/String;Lcom/sun/org/apache/xerces/internal/xni/Augmentations;)V'
 - 443 :  : '(Ljava/util/Locale;Ljava/lang/String;[Ljava/lang/Object;)Ljava/lang/String;'
 - 444 :  : '(Ljava/lang/String;Ljava/lang/String;Ljava/lang/String;Ljava/lang/String;)V'
 - 445 :  : '(Ljava/lang/String;Ljava/lang/String;Ljava/lang/String;Lorg/xml/sax/Attributes;)V'
 - 446 :  : '(Ljava/lang/String;Ljava/lang/String;Ljava/lang/String;Ljava/lang/String;Ljava/lang/String;)V'
 - 447 :  : '(Ljava/lang/String;Ljava/lang/String;Ljava/lang/String;[Ljava/lang/String;Ljava/lang/String;Lcom/sun/org/apache/xerces/internal/xni/XMLString;Lcom/sun/org/apache/xerces/internal/xni/XMLString;Lcom/sun/org/apache/xerces/internal/xni/Augmentations;)V'
 - 448 :  : name_index=243 signature_index=87
 - 449 :  : name_index=250 signature_index=87
 - 450 :  : name_index=171 signature_index=101
 - 451 :  : name_index=173 signature_index=101
 - 452 :  : name_index=175 signature_index=101
 - 453 :  : name_index=176 signature_index=101
 - 454 :  : name_index=177 signature_index=101
 - 455 :  : name_index=179 signature_index=101
 - 456 :  : name_index=180 signature_index=101
 - 457 :  : name_index=181 signature_index=101
 - 458 :  : name_index=183 signature_index=101
 - 459 :  : name_index=109 signature_index=102
 - 460 :  : name_index=164 signature_index=102
 - 461 :  : name_index=162 signature_index=374
 - 462 :  : name_index=169 signature_index=375
 - 463 :  : name_index=163 signature_index=376
 - 464 :  : name_index=174 signature_index=377
 - 465 :  : name_index=178 signature_index=378
 - 466 :  : name_index=161 signature_index=379
 - 467 :  : name_index=165 signature_index=380
 - 468 :  : name_index=100 signature_index=381
 - 469 :  : name_index=95 signature_index=91
 - 470 :  : name_index=182 signature_index=91
 - 471 :  : name_index=246 signature_index=91
 - 472 :  : name_index=268 signature_index=91
 - 473 :  : name_index=275 signature_index=91
 - 474 :  : name_index=316 signature_index=91
 - 475 :  : name_index=96 signature_index=103
 - 476 :  : name_index=97 signature_index=103
 - 477 :  : name_index=166 signature_index=382
 - 478 :  : name_index=167 signature_index=383
 - 479 :  : name_index=170 signature_index=384
 - 480 :  : name_index=168 signature_index=385
 - 481 :  : name_index=172 signature_index=386
 - 482 :  : name_index=195 signature_index=56
 - 483 :  : name_index=200 signature_index=56
 - 484 :  : name_index=210 signature_index=56
 - 485 :  : name_index=212 signature_index=56
 - 486 :  : name_index=243 signature_index=56
 - 487 :  : name_index=220 signature_index=58
 - 488 :  : name_index=75 signature_index=59
 - 489 :  : name_index=111 signature_index=59
 - 490 :  : name_index=148 signature_index=59
 - 491 :  : name_index=149 signature_index=59
 - 492 :  : name_index=150 signature_index=59
 - 493 :  : name_index=155 signature_index=59
 - 494 :  : name_index=277 signature_index=59
 - 495 :  : name_index=300 signature_index=59
 - 496 :  : name_index=302 signature_index=59
 - 497 :  : name_index=307 signature_index=59
 - 498 :  : name_index=276 signature_index=61
 - 499 :  : name_index=282 signature_index=61
 - 500 :  : name_index=293 signature_index=61
 - 501 :  : name_index=110 signature_index=71
 - 502 :  : name_index=141 signature_index=71
 - 503 :  : name_index=233 signature_index=71
 - 504 :  : name_index=75 signature_index=387
 - 505 :  : name_index=192 signature_index=388
 - 506 :  : name_index=216 signature_index=390
 - 507 :  : name_index=295 signature_index=390
 - 508 :  : name_index=279 signature_index=391
 - 509 :  : name_index=267 signature_index=392
 - 510 :  : name_index=75 signature_index=393
 - 511 :  : name_index=193 signature_index=396
 - 512 :  : name_index=280 signature_index=397
 - 513 :  : name_index=194 signature_index=398
 - 514 :  : name_index=281 signature_index=399
 - 515 :  : name_index=205 signature_index=400
 - 516 :  : name_index=75 signature_index=401
 - 517 :  : name_index=159 signature_index=62
 - 518 :  : name_index=202 signature_index=57
 - 519 :  : name_index=206 signature_index=57
 - 520 :  : name_index=208 signature_index=57
 - 521 :  : name_index=213 signature_index=57
 - 522 :  : name_index=215 signature_index=57
 - 523 :  : name_index=218 signature_index=57
 - 524 :  : name_index=219 signature_index=57
 - 525 :  : name_index=312 signature_index=57
 - 526 :  : name_index=199 signature_index=60
 - 527 :  : name_index=75 signature_index=66
 - 528 :  : name_index=151 signature_index=66
 - 529 :  : name_index=152 signature_index=66
 - 530 :  : name_index=157 signature_index=66
 - 531 :  : name_index=288 signature_index=66
 - 532 :  : name_index=297 signature_index=66
 - 533 :  : name_index=298 signature_index=66
 - 534 :  : name_index=299 signature_index=66
 - 535 :  : name_index=304 signature_index=66
 - 536 :  : name_index=158 signature_index=67
 - 537 :  : name_index=207 signature_index=67
 - 538 :  : name_index=310 signature_index=67
 - 539 :  : name_index=291 signature_index=69
 - 540 :  : name_index=105 signature_index=402
 - 541 :  : name_index=106 signature_index=402
 - 542 :  : name_index=107 signature_index=403
 - 543 :  : name_index=214 signature_index=404
 - 544 :  : name_index=294 signature_index=70
 - 545 :  : name_index=203 signature_index=410
 - 546 :  : name_index=75 signature_index=411
 - 547 :  : name_index=289 signature_index=411
 - 548 :  : name_index=204 signature_index=412
 - 549 :  : name_index=75 signature_index=413
 - 550 :  : name_index=290 signature_index=413
 - 551 :  : name_index=287 signature_index=415
 - 552 :  : name_index=198 signature_index=416
 - 553 :  : name_index=285 signature_index=417
 - 554 :  : name_index=203 signature_index=418
 - 555 :  : name_index=75 signature_index=419
 - 556 :  : name_index=289 signature_index=419
 - 557 :  : name_index=211 signature_index=420
 - 558 :  : name_index=292 signature_index=421
 - 559 :  : name_index=156 signature_index=425
 - 560 :  : name_index=75 signature_index=426
 - 561 :  : name_index=189 signature_index=427
 - 562 :  : name_index=274 signature_index=428
 - 563 :  : name_index=209 signature_index=63
 - 564 :  : name_index=217 signature_index=63
 - 565 :  : name_index=296 signature_index=429
 - 566 :  : name_index=221 signature_index=64
 - 567 :  : name_index=147 signature_index=68
 - 568 :  : name_index=235 signature_index=68
 - 569 :  : name_index=269 signature_index=68
 - 570 :  : name_index=309 signature_index=68
 - 571 :  : name_index=107 signature_index=65
 - 572 :  : name_index=303 signature_index=430
 - 573 :  : name_index=75 signature_index=431
 - 574 :  : name_index=192 signature_index=435
 - 575 :  : name_index=75 signature_index=438
 - 576 :  : name_index=151 signature_index=438
 - 577 :  : name_index=160 signature_index=438
 - 578 :  : name_index=249 signature_index=438
 - 579 :  : name_index=301 signature_index=438
 - 580 :  : name_index=308 signature_index=441
 - 581 :  : name_index=188 signature_index=443
 - 582 :  : name_index=315 signature_index=444
 - 583 :  : name_index=303 signature_index=445
 - 584 :  : name_index=108 signature_index=446
 - 585 :  : klass_index=325 name_and_type_index=450
 - 586 :  : klass_index=325 name_and_type_index=451
 - 587 :  : klass_index=325 name_and_type_index=452
 - 588 :  : klass_index=325 name_and_type_index=453
 - 589 :  : klass_index=325 name_and_type_index=454
 - 590 :  : klass_index=325 name_and_type_index=455
 - 591 :  : klass_index=325 name_and_type_index=456
 - 592 :  : klass_index=325 name_and_type_index=457
 - 593 :  : klass_index=325 name_and_type_index=458
 - 594 :  : klass_index=325 name_and_type_index=460
 - 595 :  : klass_index=325 name_and_type_index=461
 - 596 :  : klass_index=325 name_and_type_index=462
 - 597 :  : klass_index=325 name_and_type_index=463
 - 598 :  : klass_index=325 name_and_type_index=464
 - 599 :  : klass_index=325 name_and_type_index=465
 - 600 :  : klass_index=325 name_and_type_index=467
 - 601 :  : klass_index=325 name_and_type_index=470
 - 602 :  : klass_index=325 name_and_type_index=475
 - 603 :  : klass_index=325 name_and_type_index=476
 - 604 :  : klass_index=325 name_and_type_index=477
 - 605 :  : klass_index=325 name_and_type_index=478
 - 606 :  : klass_index=325 name_and_type_index=479
 - 607 :  : klass_index=325 name_and_type_index=480
 - 608 :  : klass_index=325 name_and_type_index=481
 - 609 :  : klass_index=328 name_and_type_index=466
 - 610 :  : klass_index=337 name_and_type_index=469
 - 611 :  : klass_index=340 name_and_type_index=471
 - 612 :  : klass_index=340 name_and_type_index=472
 - 613 :  : klass_index=340 name_and_type_index=473
 - 614 :  : klass_index=340 name_and_type_index=474
 - 615 :  : klass_index=343 name_and_type_index=448
 - 616 :  : klass_index=343 name_and_type_index=449
 - 617 :  : klass_index=343 name_and_type_index=459
 - 618 :  : klass_index=355 name_and_type_index=468
 - 619 :  : klass_index=325 name_and_type_index=493
 - 620 :  : klass_index=325 name_and_type_index=497
 - 621 :  : klass_index=325 name_and_type_index=509
 - 622 :  : klass_index=325 name_and_type_index=545
 - 623 :  : klass_index=325 name_and_type_index=547
 - 624 :  : klass_index=325 name_and_type_index=552
 - 625 :  : klass_index=325 name_and_type_index=553
 - 626 :  : klass_index=325 name_and_type_index=557
 - 627 :  : klass_index=325 name_and_type_index=558
 - 628 :  : klass_index=325 name_and_type_index=559
 - 629 :  : klass_index=325 name_and_type_index=580
 - 630 :  : klass_index=326 name_and_type_index=504
 - 631 :  : klass_index=327 name_and_type_index=504
 - 632 :  : klass_index=328 name_and_type_index=488
 - 633 :  : klass_index=328 name_and_type_index=508
 - 634 :  : klass_index=329 name_and_type_index=560
 - 635 :  : klass_index=330 name_and_type_index=494
 - 636 :  : klass_index=330 name_and_type_index=510
 - 637 :  : klass_index=332 name_and_type_index=554
 - 638 :  : klass_index=332 name_and_type_index=555
 - 639 :  : klass_index=332 name_and_type_index=556
 - 640 :  : klass_index=333 name_and_type_index=545
 - 641 :  : klass_index=333 name_and_type_index=546
 - 642 :  : klass_index=333 name_and_type_index=547
 - 643 :  : klass_index=334 name_and_type_index=548
 - 644 :  : klass_index=334 name_and_type_index=549
 - 645 :  : klass_index=334 name_and_type_index=550
 - 646 :  : klass_index=335 name_and_type_index=581
 - 647 :  : klass_index=336 name_and_type_index=488
 - 648 :  : klass_index=336 name_and_type_index=489
 - 649 :  : klass_index=336 name_and_type_index=561
 - 650 :  : klass_index=336 name_and_type_index=562
 - 651 :  : klass_index=340 name_and_type_index=488
 - 652 :  : klass_index=343 name_and_type_index=525
 - 653 :  : klass_index=344 name_and_type_index=515
 - 654 :  : klass_index=344 name_and_type_index=516
 - 655 :  : klass_index=344 name_and_type_index=522
 - 656 :  : klass_index=345 name_and_type_index=487
 - 657 :  : klass_index=345 name_and_type_index=520
 - 658 :  : klass_index=348 name_and_type_index=512
 - 659 :  : klass_index=348 name_and_type_index=514
 - 660 :  : klass_index=348 name_and_type_index=531
 - 661 :  : klass_index=348 name_and_type_index=575
 - 662 :  : klass_index=349 name_and_type_index=482
 - 663 :  : klass_index=349 name_and_type_index=485
 - 664 :  : klass_index=349 name_and_type_index=515
 - 665 :  : klass_index=349 name_and_type_index=519
 - 666 :  : klass_index=349 name_and_type_index=522
 - 667 :  : klass_index=349 name_and_type_index=523
 - 668 :  : klass_index=355 name_and_type_index=517
 - 669 :  : klass_index=358 name_and_type_index=486
 - 670 :  : klass_index=358 name_and_type_index=517
 - 671 :  : klass_index=358 name_and_type_index=536
 - 672 :  : klass_index=358 name_and_type_index=538
 - 673 :  : klass_index=359 name_and_type_index=488
 - 674 :  : klass_index=359 name_and_type_index=525
 - 675 :  : klass_index=359 name_and_type_index=527
 - 676 :  : klass_index=359 name_and_type_index=542
 - 677 :  : klass_index=359 name_and_type_index=571
 - 678 :  : klass_index=363 name_and_type_index=511
 - 679 :  : klass_index=363 name_and_type_index=513
 - 680 :  : klass_index=363 name_and_type_index=518
 - 681 :  : klass_index=363 name_and_type_index=523
 - 682 :  : klass_index=363 name_and_type_index=524
 - 683 :  : klass_index=365 name_and_type_index=516
 - 684 :  : klass_index=365 name_and_type_index=527
 - 685 :  : klass_index=366 name_and_type_index=527
 - 686 :  : klass_index=367 name_and_type_index=527
 - 687 :  : klass_index=368 name_and_type_index=573
 - 688 :  : klass_index=373 name_and_type_index=499
 - 689 :  : klass_index=373 name_and_type_index=500
 - 690 :  : klass_index=373 name_and_type_index=532
 - 691 :  : klass_index=373 name_and_type_index=533
 - 692 :  : klass_index=338 name_and_type_index=563
 - 693 :  : klass_index=339 name_and_type_index=483
 - 694 :  : klass_index=339 name_and_type_index=526
 - 695 :  : klass_index=339 name_and_type_index=566
 - 696 :  : klass_index=341 name_and_type_index=484
 - 697 :  : klass_index=341 name_and_type_index=498
 - 698 :  : klass_index=341 name_and_type_index=505
 - 699 :  : klass_index=341 name_and_type_index=506
 - 700 :  : klass_index=341 name_and_type_index=507
 - 701 :  : klass_index=341 name_and_type_index=574
 - 702 :  : klass_index=342 name_and_type_index=519
 - 703 :  : klass_index=342 name_and_type_index=521
 - 704 :  : klass_index=342 name_and_type_index=523
 - 705 :  : klass_index=350 name_and_type_index=537
 - 706 :  : klass_index=350 name_and_type_index=539
 - 707 :  : klass_index=350 name_and_type_index=540
 - 708 :  : klass_index=350 name_and_type_index=541
 - 709 :  : klass_index=350 name_and_type_index=543
 - 710 :  : klass_index=350 name_and_type_index=544
 - 711 :  : klass_index=350 name_and_type_index=564
 - 712 :  : klass_index=350 name_and_type_index=565
 - 713 :  : klass_index=360 name_and_type_index=492
 - 714 :  : klass_index=360 name_and_type_index=496
 - 715 :  : klass_index=360 name_and_type_index=501
 - 716 :  : klass_index=360 name_and_type_index=503
 - 717 :  : klass_index=360 name_and_type_index=530
 - 718 :  : klass_index=360 name_and_type_index=534
 - 719 :  : klass_index=360 name_and_type_index=551
 - 720 :  : klass_index=360 name_and_type_index=569
 - 721 :  : klass_index=360 name_and_type_index=570
 - 722 :  : klass_index=360 name_and_type_index=576
 - 723 :  : klass_index=360 name_and_type_index=583
 - 724 :  : klass_index=361 name_and_type_index=578
 - 725 :  : klass_index=361 name_and_type_index=582
 - 726 :  : klass_index=362 name_and_type_index=492
 - 727 :  : klass_index=362 name_and_type_index=496
 - 728 :  : klass_index=362 name_and_type_index=501
 - 729 :  : klass_index=362 name_and_type_index=503
 - 730 :  : klass_index=362 name_and_type_index=528
 - 731 :  : klass_index=362 name_and_type_index=551
 - 732 :  : klass_index=362 name_and_type_index=569
 - 733 :  : klass_index=362 name_and_type_index=572
 - 734 :  : klass_index=370 name_and_type_index=567
 - 735 :  : klass_index=370 name_and_type_index=568
 - 736 :  : klass_index=370 name_and_type_index=577
 - 737 :  : klass_index=370 name_and_type_index=584
 - 738 :  : klass_index=372 name_and_type_index=490
 - 739 :  : klass_index=372 name_and_type_index=491
 - 740 :  : klass_index=372 name_and_type_index=495
 - 741 :  : klass_index=372 name_and_type_index=502
 - 742 :  : klass_index=372 name_and_type_index=529
 - 743 :  : klass_index=372 name_and_type_index=535
 - 744 :  : klass_index=372 name_and_type_index=579
 - 745 :  : 'AbstractSAXParser.java'
 - 746 :  : 'AttributesProxy'
 - 747 :  : 'LocatorProxy'

R12=0x00000000db579cd0 is an oop
{method} 
 - klass: {other class}
R13=0x00000000064dd000 is a thread
R14=0x000000000029c3c0 is an unknown value
R15=0x0000000007ca9880 is an unknown value


Stack: [0x000000000c290000,0x000000000c390000],  sp=0x000000000c38e790,  free space=1017k
Native frames: (J=compiled Java code, j=interpreted, Vv=VM code, C=native code)
V  [jvm.dll+0x10b7b7]

Java frames: (J=compiled Java code, j=interpreted, Vv=VM code)
j  com.sun.org.apache.xerces.internal.parsers.XML11Configuration.parse(Lcom/sun/org/apache/xerces/internal/xni/parser/XMLInputSource;)V+75
j  com.sun.org.apache.xerces.internal.parsers.XMLParser.parse(Lcom/sun/org/apache/xerces/internal/xni/parser/XMLInputSource;)V+9
j  com.sun.org.apache.xerces.internal.parsers.AbstractSAXParser.parse(Lorg/xml/sax/InputSource;)V+43
j  com.sun.org.apache.xerces.internal.jaxp.SAXParserImpl$JAXPSAXParser.parse(Lorg/xml/sax/InputSource;)V+43
j  javax.xml.parsers.SAXParser.parse(Lorg/xml/sax/InputSource;Lorg/xml/sax/helpers/DefaultHandler;)V+53
j  org.mortbay.xml.XmlParser.parse(Ljava/io/InputStream;)Lorg/mortbay/xml/XmlParser$Node;+56
j  com.google.apphosting.utils.config.AbstractConfigXmlReader.getTopLevelNode(Ljava/io/InputStream;)Lorg/mortbay/xml/XmlParser$Node;+7
j  com.google.apphosting.utils.config.AbstractConfigXmlReader.parse(Lcom/google/apphosting/utils/config/AbstractConfigXmlReader$ParserCallback;Ljava/io/InputStream;)V+10
j  com.google.apphosting.utils.config.WebXmlReader.processXml(Ljava/io/InputStream;)Lcom/google/apphosting/utils/config/WebXml;+19
j  com.google.apphosting.utils.config.WebXmlReader.processXml(Ljava/io/InputStream;)Ljava/lang/Object;+2
j  com.google.apphosting.utils.config.AbstractConfigXmlReader.readConfigXml()Ljava/lang/Object;+25
j  com.google.apphosting.utils.config.WebXmlReader.readWebXml()Lcom/google/apphosting/utils/config/WebXml;+1
j  com.google.appengine.tools.development.AbstractContainerService.loadAppEngineWebXml(Ljava/io/File;)V+189
j  com.google.appengine.tools.development.JettyContainerService.reloadWebApp()V+37
j  com.google.appengine.tools.development.JettyContainerService$ScannerListener.fileChanged(Ljava/lang/String;)V+29
j  org.mortbay.util.Scanner.reportChange(Ljava/lang/String;)V+38
J  org.mortbay.util.Scanner.reportDifferences(Ljava/util/Map;Ljava/util/Map;)V
j  org.mortbay.util.Scanner.scan()V+13
j  org.mortbay.util.Scanner$1.run()V+4
j  java.util.TimerThread.mainLoop()V+221
j  java.util.TimerThread.run()V+1
v  ~StubRoutines::call_stub

---------------  P R O C E S S  ---------------

Java Threads: ( => current thread )
  0x00000000064d6800 JavaThread "com.google.inject.internal.util.$Finalizer" daemon [_thread_blocked, id=8488, stack(0x000000000d570000,0x000000000d670000)]
  0x00000000064e2000 JavaThread "com.google.inject.internal.util.$Finalizer" daemon [_thread_blocked, id=7192, stack(0x000000000af20000,0x000000000b020000)]
  0x00000000064df000 JavaThread "Timer-7" daemon [_thread_blocked, id=2944, stack(0x0000000008980000,0x0000000008a80000)]
  0x00000000064da800 JavaThread "Timer-6" daemon [_thread_blocked, id=4928, stack(0x0000000008780000,0x0000000008880000)]
  0x000000000f283800 JavaThread "2105635631@qtp-1901082358-28" [_thread_blocked, id=4556, stack(0x0000000010ac0000,0x0000000010bc0000)]
  0x000000000d0d0800 JavaThread "Code server for admin from Mozilla/5.0 (Windows NT 6.1; WOW64) AppleWebKit/537.36 (KHTML, like Gecko) Chrome/31.0.1636.2 Safari/537.36 on http://127.0.0.1:8888/Admin.html?gwt.codesvr=127.0.0.1:9997#AdminCompPlace:filter=ALL @ 1Ww#DZ(HKJ@Rt~3/" daemon [_thread_blocked, id=7592, stack(0x00000000115e0000,0x00000000116e0000)]
  0x000000000f280000 JavaThread "DefaultQuartzScheduler_QuartzSchedulerThread" [_thread_blocked, id=11104, stack(0x0000000016970000,0x0000000016a70000)]
  0x000000000f27f000 JavaThread "DefaultQuartzScheduler_Worker-9" [_thread_blocked, id=7296, stack(0x0000000016870000,0x0000000016970000)]
  0x000000000f27e800 JavaThread "DefaultQuartzScheduler_Worker-8" [_thread_blocked, id=8072, stack(0x0000000016770000,0x0000000016870000)]
  0x000000000f27d800 JavaThread "DefaultQuartzScheduler_Worker-7" [_thread_blocked, id=2588, stack(0x0000000016670000,0x0000000016770000)]
  0x000000000f27d000 JavaThread "DefaultQuartzScheduler_Worker-6" [_thread_blocked, id=7292, stack(0x0000000014710000,0x0000000014810000)]
  0x000000000f27c000 JavaThread "DefaultQuartzScheduler_Worker-5" [_thread_blocked, id=1240, stack(0x0000000014610000,0x0000000014710000)]
  0x0000000009569800 JavaThread "DefaultQuartzScheduler_Worker-4" [_thread_blocked, id=8296, stack(0x0000000014510000,0x0000000014610000)]
  0x000000001262e000 JavaThread "DefaultQuartzScheduler_Worker-3" [_thread_blocked, id=6004, stack(0x0000000014410000,0x0000000014510000)]
  0x000000001262d800 JavaThread "DefaultQuartzScheduler_Worker-2" [_thread_blocked, id=4316, stack(0x00000000111c0000,0x00000000112c0000)]
  0x000000001262c800 JavaThread "DefaultQuartzScheduler_Worker-1" [_thread_blocked, id=9792, stack(0x0000000010fc0000,0x00000000110c0000)]
  0x000000001262b000 JavaThread "DefaultQuartzScheduler_Worker-0" [_thread_blocked, id=2512, stack(0x00000000109c0000,0x0000000010ac0000)]
  0x0000000009568800 JavaThread "Thread-54" daemon [_thread_blocked, id=9632, stack(0x0000000014110000,0x0000000014210000)]
  0x0000000009568000 JavaThread "Thread-53" daemon [_thread_blocked, id=2704, stack(0x0000000011bf0000,0x0000000011cf0000)]
  0x0000000009565800 JavaThread "AWT-Windows" daemon [_thread_in_native, id=4004, stack(0x0000000011cf0000,0x0000000011df0000)]
  0x00000000064d8800 JavaThread "Java2D Disposer" daemon [_thread_blocked, id=4100, stack(0x0000000010ec0000,0x0000000010fc0000)]
  0x0000000007f4b800 JavaThread "Timer-5" daemon [_thread_blocked, id=8352, stack(0x000000000d770000,0x000000000d870000)]
  0x0000000007f49800 JavaThread "com.google.inject.internal.util.$Finalizer" daemon [_thread_blocked, id=9616, stack(0x000000000d670000,0x000000000d770000)]
  0x00000000064e1000 JavaThread "172354865@qtp-384213477-1 - Acceptor0 SelectChannelConnector@0.0.0.0:64590" [_thread_blocked, id=9820, stack(0x000000000d470000,0x000000000d570000)]
  0x00000000064e0800 JavaThread "2140065057@qtp-384213477-0" [_thread_blocked, id=3596, stack(0x000000000b120000,0x000000000b220000)]
  0x00000000064dc000 JavaThread "Timer-3" daemon [_thread_blocked, id=5044, stack(0x000000000b020000,0x000000000b120000)]
  0x00000000064df800 JavaThread "com.google.inject.internal.util.$Finalizer" daemon [_thread_blocked, id=5364, stack(0x000000000c390000,0x000000000c490000)]
  0x00000000064de000 JavaThread "1164030715@qtp-1663975632-1 - Acceptor0 SelectChannelConnector@0.0.0.0:64587" [_thread_blocked, id=10724, stack(0x000000000ae20000,0x000000000af20000)]
  0x00000000064dd800 JavaThread "1906395790@qtp-1663975632-0" [_thread_blocked, id=7176, stack(0x000000000ad20000,0x000000000ae20000)]
=>0x00000000064dd000 JavaThread "Timer-1" daemon [_thread_in_vm, id=4236, stack(0x000000000c290000,0x000000000c390000)]
  0x00000000064db800 JavaThread "com.google.inject.internal.util.$Finalizer" daemon [_thread_blocked, id=10740, stack(0x0000000008c80000,0x0000000008d80000)]
  0x00000000064d7000 JavaThread "1365549425@qtp-1901082358-0 - Acceptor0 SelectChannelConnector@0.0.0.0:8888" [_thread_blocked, id=5076, stack(0x0000000008680000,0x0000000008780000)]
  0x00000000064da000 JavaThread "com.google.gwt.thirdparty.guava.common.base.internal.Finalizer" daemon [_thread_blocked, id=1284, stack(0x0000000008b80000,0x0000000008c80000)]
  0x00000000064d9000 JavaThread "Code server listener" daemon [_thread_in_native, id=5584, stack(0x0000000008a80000,0x0000000008b80000)]
  0x00000000064d7800 JavaThread "UnitWriteThread" daemon [_thread_blocked, id=5740, stack(0x0000000008880000,0x0000000008980000)]
  0x00000000064d5800 JavaThread "Thread-2" daemon [_thread_blocked, id=8304, stack(0x0000000008580000,0x0000000008680000)]
  0x00000000064d5000 JavaThread "Thread-1" [_thread_in_native, id=9744, stack(0x0000000008480000,0x0000000008580000)]
  0x00000000064d4000 JavaThread "Low Memory Detector" daemon [_thread_blocked, id=10120, stack(0x0000000007a80000,0x0000000007b80000)]
  0x00000000075d3800 JavaThread "C2 CompilerThread1" daemon [_thread_blocked, id=9708, stack(0x0000000007980000,0x0000000007a80000)]
  0x00000000075cc000 JavaThread "C2 CompilerThread0" daemon [_thread_blocked, id=10508, stack(0x0000000007880000,0x0000000007980000)]
  0x000000000650b000 JavaThread "JDWP Command Reader" daemon [_thread_in_native, id=10160, stack(0x0000000007380000,0x0000000007480000)]
  0x00000000064fa000 JavaThread "JDWP Event Helper Thread" daemon [_thread_blocked, id=5948, stack(0x0000000007140000,0x0000000007240000)]
  0x00000000064f1000 JavaThread "JDWP Transport Listener: dt_socket" daemon [_thread_blocked, id=5932, stack(0x0000000006f30000,0x0000000007030000)]
  0x00000000064d3800 JavaThread "Attach Listener" daemon [_thread_blocked, id=9132, stack(0x0000000006880000,0x0000000006980000)]
  0x00000000064d2800 JavaThread "Signal Dispatcher" daemon [_thread_blocked, id=2520, stack(0x0000000006780000,0x0000000006880000)]
  0x000000000039a800 JavaThread "Finalizer" daemon [_thread_blocked, id=2140, stack(0x0000000006680000,0x0000000006780000)]
  0x0000000000398800 JavaThread "Reference Handler" daemon [_thread_blocked, id=7788, stack(0x0000000006380000,0x0000000006480000)]
  0x000000000029b000 JavaThread "main" [_thread_blocked, id=3800, stack(0x0000000002490000,0x0000000002590000)]

Other Threads:
  0x0000000000392800 VMThread [stack: 0x0000000006280000,0x0000000006380000] [id=7600]
  0x00000000075d0000 WatcherThread [stack: 0x0000000007b80000,0x0000000007c80000] [id=4808]

VM state:synchronizing (normal execution)

VM Mutex/Monitor currently owned by a thread:  ([mutex/lock_event])
[0x00000000002d8780] Threads_lock - owner thread: 0x0000000000392800

Heap
 PSYoungGen      total 115328K, used 2481K [0x00000000f5560000, 0x00000000fce40000, 0x0000000100000000)
  eden space 108160K, 2% used [0x00000000f5560000,0x00000000f57cc450,0x00000000fbf00000)
  from space 7168K, 0% used [0x00000000fc740000,0x00000000fc740000,0x00000000fce40000)
  to   space 7808K, 0% used [0x00000000fbf00000,0x00000000fbf00000,0x00000000fc6a0000)
 PSOldGen        total 349568K, used 159701K [0x00000000e0000000, 0x00000000f5560000, 0x00000000f5560000)
  object space 349568K, 45% used [0x00000000e0000000,0x00000000e9bf5458,0x00000000f5560000)
 PSPermGen       total 83968K, used 83967K [0x00000000dae00000, 0x00000000e0000000, 0x00000000e0000000)
  object space 83968K, 99% used [0x00000000dae00000,0x00000000dfffffa0,0x00000000e0000000)

Code Cache  [0x0000000002690000, 0x00000000032e0000, 0x0000000005690000)
 total_blobs=3253 nmethods=2783 adapters=429 free_code_cache=37648768 largest_free_block=19200

Dynamic libraries:
0x0000000000400000 - 0x000000000042e000 	C:\Program Files\Java\jdk1.6.0_26\bin\javaw.exe
0x0000000077460000 - 0x0000000077609000 	C:\Windows\SYSTEM32\ntdll.dll
0x0000000077340000 - 0x000000007745f000 	C:\Windows\system32\kernel32.dll
0x000007fefd5e0000 - 0x000007fefd64b000 	C:\Windows\system32\KERNELBASE.dll
0x000007feff580000 - 0x000007feff65b000 	C:\Windows\system32\ADVAPI32.dll
0x000007feff2d0000 - 0x000007feff36f000 	C:\Windows\system32\msvcrt.dll
0x000007feff670000 - 0x000007feff68f000 	C:\Windows\SYSTEM32\sechost.dll
0x000007feff3c0000 - 0x000007feff4ed000 	C:\Windows\system32\RPCRT4.dll
0x0000000077240000 - 0x000000007733a000 	C:\Windows\system32\USER32.dll
0x000007feff510000 - 0x000007feff577000 	C:\Windows\system32\GDI32.dll
0x000007feff660000 - 0x000007feff66e000 	C:\Windows\system32\LPK.dll
0x000007fefea50000 - 0x000007fefeb19000 	C:\Windows\system32\USP10.dll
0x000007fefe890000 - 0x000007fefe8be000 	C:\Windows\system32\IMM32.DLL
0x000007feff120000 - 0x000007feff229000 	C:\Windows\system32\MSCTF.dll
0x000000006d890000 - 0x000000006e048000 	C:\Program Files\Java\jdk1.6.0_26\jre\bin\server\jvm.dll
0x000007fefa900000 - 0x000007fefa93b000 	C:\Windows\system32\WINMM.dll
0x000000006d800000 - 0x000000006d80e000 	C:\Program Files\Java\jdk1.6.0_26\jre\bin\verify.dll
0x000000006d450000 - 0x000000006d477000 	C:\Program Files\Java\jdk1.6.0_26\jre\bin\java.dll
0x0000000077630000 - 0x0000000077637000 	C:\Windows\system32\PSAPI.DLL
0x000000006d4c0000 - 0x000000006d4f4000 	C:\Program Files\Java\jdk1.6.0_26\jre\bin\jdwp.dll
0x000000006d6d0000 - 0x000000006d6d8000 	C:\Program Files\Java\jdk1.6.0_26\jre\bin\npt.dll
0x000000006d400000 - 0x000000006d420000 	C:\Program Files\Java\jdk1.6.0_26\jre\bin\instrument.dll
0x000000006d850000 - 0x000000006d862000 	C:\Program Files\Java\jdk1.6.0_26\jre\bin\zip.dll
0x000000006d310000 - 0x000000006d319000 	C:\Program Files\Java\jdk1.6.0_26\jre\bin\dt_socket.dll
0x000007feff370000 - 0x000007feff3bd000 	C:\Windows\system32\WS2_32.dll
0x000007fefea40000 - 0x000007fefea48000 	C:\Windows\system32\NSI.dll
0x000007fefbe70000 - 0x000007fefbe85000 	C:\Windows\system32\NLAapi.dll
0x000007fef8170000 - 0x000007fef8185000 	C:\Windows\system32\napinsp.dll
0x000007fef8130000 - 0x000007fef8149000 	C:\Windows\system32\pnrpnsp.dll
0x000007fef8720000 - 0x000007fef874e000 	C:\Program Files\Common Files\Microsoft Shared\Windows Live\WLIDNSP.DLL
0x000007fefe810000 - 0x000007fefe881000 	C:\Windows\system32\SHLWAPI.dll
0x0000000072bb0000 - 0x0000000072bd6000 	C:\Program Files\Bonjour\mdnsNSP.dll
0x000007fefb7f0000 - 0x000007fefb817000 	C:\Windows\system32\Iphlpapi.DLL
0x000007fefb7d0000 - 0x000007fefb7db000 	C:\Windows\system32\WINNSI.DLL
0x000007fefca90000 - 0x000007fefcae5000 	C:\Windows\System32\mswsock.dll
0x000007fefc910000 - 0x000007fefc96b000 	C:\Windows\system32\DNSAPI.dll
0x000007fef8110000 - 0x000007fef811b000 	C:\Windows\System32\winrnr.dll
0x000007fefb660000 - 0x000007fefb6b3000 	C:\Windows\System32\fwpuclnt.dll
0x000007fef8710000 - 0x000007fef8718000 	C:\Windows\system32\rasadhlp.dll
0x000007fefc420000 - 0x000007fefc427000 	C:\Windows\System32\wshtcpip.dll
0x000000006d6a0000 - 0x000000006d6b7000 	C:\Program Files\Java\jdk1.6.0_26\jre\bin\net.dll
0x000007fefca80000 - 0x000007fefca87000 	C:\Windows\System32\wship6.dll
0x000007fefcaf0000 - 0x000007fefcb07000 	C:\Windows\system32\CRYPTSP.dll
0x000007fefc7f0000 - 0x000007fefc837000 	C:\Windows\system32\rsaenh.dll
0x000007fefc540000 - 0x000007fefc55e000 	C:\Windows\system32\USERENV.dll
0x000007fefd240000 - 0x000007fefd24f000 	C:\Windows\system32\profapi.dll
0x000007fefd170000 - 0x000007fefd17f000 	C:\Windows\system32\CRYPTBASE.dll
0x000000006d6c0000 - 0x000000006d6cb000 	C:\Program Files\Java\jdk1.6.0_26\jre\bin\nio.dll
0x000000006d0a0000 - 0x000000006d263000 	C:\Program Files\Java\jdk1.6.0_26\jre\bin\awt.dll
0x000007fef8680000 - 0x000007fef86f1000 	C:\Windows\system32\WINSPOOL.DRV
0x000007fefeb20000 - 0x000007fefed23000 	C:\Windows\system32\ole32.dll
0x000007fefd670000 - 0x000007fefe3f8000 	C:\Windows\system32\SHELL32.dll
0x000007fefae90000 - 0x000007fefb084000 	C:\Windows\WinSxS\amd64_microsoft.windows.common-controls_6595b64144ccf1df_6.0.7601.17514_none_fa396087175ac9ac\COMCTL32.dll
0x000007fef2810000 - 0x000007fef28b0000 	C:\Windows\WinSxS\amd64_microsoft.windows.common-controls_6595b64144ccf1df_5.82.7601.17514_none_a4d6a923711520a9\comctl32.dll
0x000007fefa760000 - 0x000007fefa778000 	C:\Windows\system32\DWMAPI.DLL
0x000007fefade0000 - 0x000007fefae36000 	C:\Windows\system32\uxtheme.dll
0x000000006d340000 - 0x000000006d3a6000 	C:\Program Files\Java\jdk1.6.0_26\jre\bin\fontmanager.dll
0x000007fef02a0000 - 0x000007fef049f000 	C:\Windows\system32\d3d9.dll
0x000007fefc350000 - 0x000007fefc35c000 	C:\Windows\system32\VERSION.dll
0x000007fefb6f0000 - 0x000007fefb6f7000 	C:\Windows\system32\d3d8thk.dll
0x000007feee180000 - 0x000007feeeaae000 	C:\Windows\system32\nvd3dumx.dll
0x000007fefbd60000 - 0x000007fefbd8c000 	C:\Windows\system32\powrprof.dll
0x000007fefe400000 - 0x000007fefe5d7000 	C:\Windows\system32\SETUPAPI.dll
0x000007fefd4f0000 - 0x000007fefd526000 	C:\Windows\system32\CFGMGR32.dll
0x000007feff690000 - 0x000007feff767000 	C:\Windows\system32\OLEAUT32.dll
0x000007fefd650000 - 0x000007fefd66a000 	C:\Windows\system32\DEVOBJ.dll

VM Arguments:
jvm_args: -agentlib:jdwp=transport=dt_socket,suspend=y,address=localhost:64578 -Ddatastore.default_high_rep_job_policy_unapplied_job_pct=50 -ea -Xmx512m -javaagent:C:\Users\home\.eclipse\org.eclipse.platform_4.2.0_1709980481\plugins\com.google.appengine.eclipse.sdkbundle_1.7.2.1\appengine-java-sdk-1.7.2.1\lib\agent\appengine-agent.jar -Dfile.encoding=Cp1252 
java_command: com.google.gwt.dev.DevMode -remoteUI 59887:1135230123731962 -startupUrl Admin.html -logLevel INFO -codeServerPort 9997 -port 8888 -server com.google.appengine.tools.development.gwt.AppEngineLauncher -war C:\Users\home\code\RugbyBase\war net.rugby.foundation.admin.Admin net.rugby.foundation.core.Core net.rugby.foundation.result.Result
Launcher Type: SUN_STANDARD

Environment Variables:
JAVA_HOME=C:\Program Files\Java\jdk1.6.0_26
CLASSPATH=.;C:\Program Files (x86)\QuickTime\QTSystem\QTJava.zip
PATH=C:\Program Files\Java\jdk1.6.0_26\jre\bin;C:\Program Files\Common Files\Microsoft Shared\Windows Live;C:\Program Files (x86)\Common Files\Microsoft Shared\Windows Live;C:\Windows\system32;C:\Windows;C:\Windows\System32\Wbem;C:\Windows\System32\WindowsPowerShell\v1.0\;C:\Program Files (x86)\Windows Live\Shared;C:\Program Files\SlikSvn\bin\;C:\Program Files (x86)\QuickTime\QTSystem\;C:\Program Files (x86)\Git\cmd;C:\Program Files (x86)\Google\google_appengine\;C:\Program Files\eclipse\;C:\mvn\apache-maven-3.0.3\bin;C:\Program Files\Apache\apache-ant-1.8.4\bin
USERNAME=home
OS=Windows_NT
PROCESSOR_IDENTIFIER=AMD64 Family 16 Model 4 Stepping 2, AuthenticAMD



---------------  S Y S T E M  ---------------

OS: Windows 7 Build 7601 Service Pack 1

CPU:total 4 (4 cores per cpu, 1 threads per core) family 16 model 4 stepping 2, cmov, cx8, fxsr, mmx, sse, sse2, sse3, popcnt, mmxext, 3dnow, 3dnowext, lzcnt, sse4a

Memory: 4k page, physical 8125684k(2502456k free), swap 16249508k(8263760k free)

vm_info: Java HotSpot(TM) 64-Bit Server VM (20.1-b02) for windows-amd64 JRE (1.6.0_26-b03), built on May  4 2011 07:15:24 by "java_re" with MS VC++ 8.0 (VS2005)

time: Wed Sep 25 22:38:22 2013
elapsed time: 11013 seconds

