#
# A fatal error has been detected by the Java Runtime Environment:
#
#  EXCEPTION_ACCESS_VIOLATION (0xc0000005) at pc=0x000000006d92f6b6, pid=1100, tid=3688
#
# JRE version: 6.0_26-b03
# Java VM: Java HotSpot(TM) 64-Bit Server VM (20.1-b02 mixed mode windows-amd64 compressed oops)
# Problematic frame:
# V  [jvm.dll+0x9f6b6]
#
# If you would like to submit a bug report, please visit:
#   http://java.sun.com/webapps/bugreport/crash.jsp
#

---------------  T H R E A D  ---------------

Current thread (0x000000000c484800):  JavaThread "Code server for result from Mozilla/5.0 (Windows NT 6.1; WOW64; rv:20.0) Gecko/20100101 Firefox/20.0 on http://127.0.0.1:8888/topten.html?gwt.codesvr=127.0.0.1:9997#List:compId=697 @ }Oj02x?Orz60yJD[" daemon [_thread_in_vm, id=3688, stack(0x00000000132c0000,0x00000000133c0000)]

siginfo: ExceptionCode=0xc0000005, reading address 0x0000000009d78bec

Registers:
RAX=0x0000000009d38bf0, RBX=0x00000000db199819, RCX=0x000000000000ff00, RDX=0x000000000000ffff
RSP=0x00000000133be2d0, RBP=0x0000000000000001, RSI=0x0000000000000003, RDI=0x00000000000000a5
R8 =0x000000000ed43400, R9 =0x000000006d890000, R10=0x00000000133be4b0, R11=0x000000000000000c
R12=0x0000000000000000, R13=0x00000000db199828, R14=0x0000000000000000, R15=0x0000000000000005
RIP=0x000000006d92f6b6, EFLAGS=0x0000000000010206

Top of Stack: (sp=0x00000000133be2d0)
0x00000000133be2d0:   000000000d660690 000000006d9529dd
0x00000000133be2e0:   0000000000000000 0000024300000000
0x00000000133be2f0:   000000000000ffff 00000000000002b9
0x00000000133be300:   0000000000000000 000000006d92f3ac
0x00000000133be310:   00000000db199818 000000000f1dc010
0x00000000133be320:   0000000000000010 0000000009d38bf0
0x00000000133be330:   0000000000000000 000000000c484800
0x00000000133be340:   00000000133be4b0 0000000000000020
0x00000000133be350:   0000000000000014 000000006d92fdd2
0x00000000133be360:   00000000133be4b0 0000000007d9d100
0x00000000133be370:   0000000000000001 0000000000000001
0x00000000133be380:   0000988700000000 00000000002eaa50
0x00000000133be390:   0000000000000048 000000006d9529dd
0x00000000133be3a0:   0000000000000000 0000000000000000
0x00000000133be3b0:   0000000000000000 000007fefcf2133c
0x00000000133be3c0:   0000000000000000 000000006d9a7abf 

Instructions: (pc=0x000000006d92f6b6)
0x000000006d92f696:   0f b7 44 1c 01 0f b6 c8 66 89 44 24 20 0f b6 44
0x000000006d92f6a6:   24 21 66 c1 e1 08 0f b7 d1 48 0b d0 49 8b 42 20
0x000000006d92f6b6:   0f b7 0c 90 66 41 89 4c 1c 01 e9 2a 01 00 00 45
0x000000006d92f6c6:   8d 46 01 48 8b d3 49 8b ca e8 8c f9 ff ff 44 8a 


Register to memory mapping:

RAX=0x0000000009d38bf0 is an unknown value
RBX=0x00000000db199819 is an oop
{constMethod} 
 - klass: {other class}
 - method:       0x00000000db199828 {method} '<init>' '()V' in 'java/net/SocketException'
 - exceptions:   0x00000000dae01ef8
bci_from(00000000DB199819) = 1; print_codes():
RCX=0x000000000000ff00 is an unknown value
RDX=0x000000000000ffff is an unknown value
RSP=0x00000000133be2d0 is pointing into the stack for thread: 0x000000000c484800
RBP=0x0000000000000001 is an unknown value
RSI=0x0000000000000003 is an unknown value
RDI=0x00000000000000a5 is an unknown value
R8 =0x000000000ed43400 is an unknown value
R9 =0x000000006d890000 is an unknown value
R10=0x00000000133be4b0 is pointing into the stack for thread: 0x000000000c484800
R11=0x000000000000000c is an unknown value
R12=0x0000000000000000 is an unknown value
R13=0x00000000db199828 is an oop
{method} 
 - klass: {other class}
R14=0x0000000000000000 is an unknown value
R15=0x0000000000000005 is an unknown value


Stack: [0x00000000132c0000,0x00000000133c0000],  sp=0x00000000133be2d0,  free space=1016k
Native frames: (J=compiled Java code, j=interpreted, Vv=VM code, C=native code)
V  [jvm.dll+0x9f6b6]

Java frames: (J=compiled Java code, j=interpreted, Vv=VM code)
J  java.net.SocketInputStream.socketRead0(Ljava/io/FileDescriptor;[BIII)I
J  java.net.SocketInputStream.read([BII)I
J  java.io.BufferedInputStream.fill()V
J  java.io.BufferedInputStream.read()I
J  com.google.gwt.dev.shell.BrowserChannel$Message.readMessageType(Ljava/io/DataInputStream;)Lcom/google/gwt/dev/shell/BrowserChannel$MessageType;
j  com.google.gwt.dev.shell.BrowserChannelServer.reactToMessages(Lcom/google/gwt/dev/shell/BrowserChannelServer$SessionHandlerServer;)V+11
j  com.google.gwt.dev.shell.BrowserChannelServer.processConnection()V+877
j  com.google.gwt.dev.shell.BrowserChannelServer.run()V+1
j  java.lang.Thread.run()V+11
v  ~StubRoutines::call_stub

---------------  P R O C E S S  ---------------

Java Threads: ( => current thread )
  0x000000000c42f800 JavaThread "CompilationUnitBuilder" daemon [_thread_blocked, id=6544, stack(0x0000000016bd0000,0x0000000016cd0000)]
  0x000000000c434000 JavaThread "Code server for topten from Mozilla/5.0 (Windows NT 6.1; WOW64; rv:20.0) Gecko/20100101 Firefox/20.0 on http://127.0.0.1:8888/topten.html?gwt.codesvr=127.0.0.1:9997#List:listId=446 @ v^~mug>`MpySM+Zc" daemon [_thread_blocked, id=5084, stack(0x0000000016ad0000,0x0000000016bd0000)]
  0x000000000cf11000 JavaThread "767451674@qtp-1414204748-16" [_thread_blocked, id=4252, stack(0x0000000010ce0000,0x0000000010de0000)]
  0x000000000c431000 JavaThread "1696095995@qtp-1414204748-15" [_thread_blocked, id=4376, stack(0x00000000136c0000,0x00000000137c0000)]
  0x000000000c433000 JavaThread "2093315914@qtp-1414204748-14" [_thread_blocked, id=4652, stack(0x00000000135c0000,0x00000000136c0000)]
  0x000000000cf0f000 JavaThread "2048219411@qtp-1414204748-13" [_thread_blocked, id=6560, stack(0x00000000134c0000,0x00000000135c0000)]
  0x000000000cf10800 JavaThread "1702614785@qtp-1414204748-11" [_thread_blocked, id=4852, stack(0x0000000010be0000,0x0000000010ce0000)]
  0x000000000cf0f800 JavaThread "pool-1-thread-107" daemon [_thread_blocked, id=6744, stack(0x0000000010ae0000,0x0000000010be0000)]
  0x000000000c483000 JavaThread "Code server for gwtfb from Mozilla/5.0 (Windows NT 6.1; WOW64; rv:20.0) Gecko/20100101 Firefox/20.0 on http://127.0.0.1:8888/topten.html?gwt.codesvr=127.0.0.1:9997#List:compId=697 @ }Oj02x?Orz60yJD[" daemon [_thread_blocked, id=6856, stack(0x00000000133c0000,0x00000000134c0000)]
=>0x000000000c484800 JavaThread "Code server for result from Mozilla/5.0 (Windows NT 6.1; WOW64; rv:20.0) Gecko/20100101 Firefox/20.0 on http://127.0.0.1:8888/topten.html?gwt.codesvr=127.0.0.1:9997#List:compId=697 @ }Oj02x?Orz60yJD[" daemon [_thread_in_vm, id=3688, stack(0x00000000132c0000,0x00000000133c0000)]
  0x000000000c482000 JavaThread "Code server for core from Mozilla/5.0 (Windows NT 6.1; WOW64; rv:20.0) Gecko/20100101 Firefox/20.0 on http://127.0.0.1:8888/topten.html?gwt.codesvr=127.0.0.1:9997#List:compId=697 @ }Oj02x?Orz60yJD[" daemon [_thread_blocked, id=1360, stack(0x00000000109e0000,0x0000000010ae0000)]
  0x000000000c483800 JavaThread "Code server for topten from Mozilla/5.0 (Windows NT 6.1; WOW64; rv:20.0) Gecko/20100101 Firefox/20.0 on http://127.0.0.1:8888/topten.html?gwt.codesvr=127.0.0.1:9997#List:compId=697 @ }Oj02x?Orz60yJD[" daemon [_thread_blocked, id=7096, stack(0x0000000008880000,0x0000000008980000)]
  0x0000000010470800 JavaThread "DefaultQuartzScheduler_QuartzSchedulerThread" [_thread_blocked, id=5816, stack(0x00000000169d0000,0x0000000016ad0000)]
  0x000000001046f800 JavaThread "DefaultQuartzScheduler_Worker-9" [_thread_blocked, id=6068, stack(0x00000000166a0000,0x00000000167a0000)]
  0x000000001046f000 JavaThread "DefaultQuartzScheduler_Worker-8" [_thread_blocked, id=6312, stack(0x00000000165a0000,0x00000000166a0000)]
  0x000000001046e800 JavaThread "DefaultQuartzScheduler_Worker-7" [_thread_blocked, id=6576, stack(0x00000000164a0000,0x00000000165a0000)]
  0x000000000cb47800 JavaThread "DefaultQuartzScheduler_Worker-6" [_thread_blocked, id=5244, stack(0x0000000013dc0000,0x0000000013ec0000)]
  0x000000000cb47000 JavaThread "DefaultQuartzScheduler_Worker-5" [_thread_blocked, id=5980, stack(0x0000000013cc0000,0x0000000013dc0000)]
  0x000000000cb46000 JavaThread "DefaultQuartzScheduler_Worker-4" [_thread_blocked, id=4888, stack(0x0000000013bc0000,0x0000000013cc0000)]
  0x000000000cb45800 JavaThread "DefaultQuartzScheduler_Worker-3" [_thread_blocked, id=4232, stack(0x0000000013ac0000,0x0000000013bc0000)]
  0x000000000cb44000 JavaThread "DefaultQuartzScheduler_Worker-2" [_thread_blocked, id=1104, stack(0x00000000139c0000,0x0000000013ac0000)]
  0x000000000cb44800 JavaThread "DefaultQuartzScheduler_Worker-1" [_thread_blocked, id=5188, stack(0x00000000138c0000,0x00000000139c0000)]
  0x000000000cb43000 JavaThread "DefaultQuartzScheduler_Worker-0" [_thread_blocked, id=2828, stack(0x00000000137c0000,0x00000000138c0000)]
  0x000000000cb41800 JavaThread "Thread-50" daemon [_thread_blocked, id=6900, stack(0x00000000168d0000,0x00000000169d0000)]
  0x000000000cb41000 JavaThread "Thread-49" daemon [_thread_blocked, id=3668, stack(0x00000000167d0000,0x00000000168d0000)]
  0x000000000cf14000 JavaThread "AWT-Windows" daemon [_thread_in_native, id=6780, stack(0x0000000013f50000,0x0000000014050000)]
  0x000000000cf12800 JavaThread "Java2D Disposer" daemon [_thread_blocked, id=4772, stack(0x00000000131c0000,0x00000000132c0000)]
  0x000000000cf12000 JavaThread "Code server for admin from Mozilla/5.0 (Windows NT 6.1; WOW64; rv:20.0) Gecko/20100101 Firefox/20.0 on http://127.0.0.1:8888/Admin.html?gwt.codesvr=127.0.0.1:9997#AdminCompPlace:filter=ALL @ 2)86Nr9gwJ`xr)ew" daemon [_thread_blocked, id=4784, stack(0x0000000010de0000,0x0000000010ee0000)]
  0x000000000cf0e000 JavaThread "1198260109@qtp-1414204748-4" [_thread_blocked, id=7016, stack(0x00000000108e0000,0x00000000109e0000)]
  0x000000000cf0d800 JavaThread "Timer-5" daemon [_thread_blocked, id=6520, stack(0x00000000107e0000,0x00000000108e0000)]
  0x000000000e278000 JavaThread "com.google.inject.internal.util.$Finalizer" daemon [_thread_blocked, id=6280, stack(0x00000000106e0000,0x00000000107e0000)]
  0x000000000e276800 JavaThread "Timer-4" daemon [_thread_blocked, id=5208, stack(0x00000000105e0000,0x00000000106e0000)]
  0x000000000e276000 JavaThread "2056475802@qtp-1385950341-1 - Acceptor0 SelectChannelConnector@0.0.0.0:55171" [_thread_in_native, id=2472, stack(0x000000000c590000,0x000000000c690000)]
  0x000000000e275000 JavaThread "2059745825@qtp-1385950341-0" [_thread_blocked, id=5492, stack(0x0000000009d50000,0x0000000009e50000)]
  0x000000000e274800 JavaThread "Timer-3" daemon [_thread_blocked, id=2388, stack(0x000000000b220000,0x000000000b320000)]
  0x000000000e274000 JavaThread "com.google.inject.internal.util.$Finalizer" daemon [_thread_blocked, id=4648, stack(0x000000000b120000,0x000000000b220000)]
  0x000000000e273000 JavaThread "Timer-2" daemon [_thread_blocked, id=4776, stack(0x000000000b020000,0x000000000b120000)]
  0x000000000e272800 JavaThread "1611713561@qtp-729639949-1 - Acceptor0 SelectChannelConnector@0.0.0.0:55162" [_thread_in_native, id=6232, stack(0x000000000af20000,0x000000000b020000)]
  0x000000000e271800 JavaThread "926998473@qtp-729639949-0" [_thread_blocked, id=6252, stack(0x000000000ae20000,0x000000000af20000)]
  0x000000000e271000 JavaThread "Timer-1" daemon [_thread_blocked, id=6160, stack(0x000000000c490000,0x000000000c590000)]
  0x000000000989d800 JavaThread "com.google.inject.internal.util.$Finalizer" daemon [_thread_blocked, id=6676, stack(0x000000000b3c0000,0x000000000b4c0000)]
  0x0000000009919800 JavaThread "Timer-0" daemon [_thread_blocked, id=3420, stack(0x0000000008b80000,0x0000000008c80000)]
  0x000000000944a000 JavaThread "563254406@qtp-1414204748-0 - Acceptor0 SelectChannelConnector@0.0.0.0:8888" [_thread_blocked, id=4880, stack(0x0000000008780000,0x0000000008880000)]
  0x0000000007da4800 JavaThread "Code server listener" daemon [_thread_in_native, id=4316, stack(0x0000000008c80000,0x0000000008d80000)]
  0x00000000078ec800 JavaThread "com.google.gwt.thirdparty.guava.common.base.internal.Finalizer" daemon [_thread_blocked, id=4428, stack(0x0000000008a80000,0x0000000008b80000)]
  0x0000000007e40800 JavaThread "UnitWriteThread" daemon [_thread_blocked, id=6932, stack(0x0000000008980000,0x0000000008a80000)]
  0x000000000782f800 JavaThread "Thread-2" daemon [_thread_blocked, id=6364, stack(0x0000000008680000,0x0000000008780000)]
  0x00000000076c3000 JavaThread "Thread-1" [_thread_in_native, id=5572, stack(0x0000000008580000,0x0000000008680000)]
  0x000000000767c000 JavaThread "Low Memory Detector" daemon [_thread_blocked, id=6156, stack(0x0000000007b80000,0x0000000007c80000)]
  0x000000000766f800 JavaThread "C2 CompilerThread1" daemon [_thread_blocked, id=4896, stack(0x0000000007a80000,0x0000000007b80000)]
  0x000000000766c000 JavaThread "C2 CompilerThread0" daemon [_thread_blocked, id=5624, stack(0x0000000007980000,0x0000000007a80000)]
  0x000000000635f800 JavaThread "JDWP Event Helper Thread" daemon [_thread_blocked, id=1584, stack(0x0000000007380000,0x0000000007480000)]
  0x000000000635d800 JavaThread "JDWP Transport Listener: dt_socket" daemon [_thread_blocked, id=3044, stack(0x0000000007280000,0x0000000007380000)]
  0x0000000006349800 JavaThread "Attach Listener" daemon [_thread_blocked, id=4992, stack(0x00000000066f0000,0x00000000067f0000)]
  0x0000000006344800 JavaThread "Signal Dispatcher" daemon [_thread_blocked, id=4872, stack(0x00000000065f0000,0x00000000066f0000)]
  0x00000000003ea800 JavaThread "Finalizer" daemon [_thread_blocked, id=5308, stack(0x00000000064f0000,0x00000000065f0000)]
  0x00000000003e8800 JavaThread "Reference Handler" daemon [_thread_blocked, id=6416, stack(0x00000000061f0000,0x00000000062f0000)]
  0x00000000002eb000 JavaThread "main" [_thread_blocked, id=5656, stack(0x0000000002290000,0x0000000002390000)]

Other Threads:
  0x00000000003e2800 VMThread [stack: 0x00000000060f0000,0x00000000061f0000] [id=6844]
  0x00000000076ac800 WatcherThread [stack: 0x0000000007c80000,0x0000000007d80000] [id=6716]

VM state:synchronizing (normal execution)

VM Mutex/Monitor currently owned by a thread:  ([mutex/lock_event])
[0x0000000000328780] Threads_lock - owner thread: 0x00000000003e2800

Heap
 PSYoungGen      total 50944K, used 10218K [0x00000000f5560000, 0x00000000f8770000, 0x0000000100000000)
  eden space 50560K, 20% used [0x00000000f5560000,0x00000000f5f5aa88,0x00000000f86c0000)
  from space 384K, 0% used [0x00000000f86c0000,0x00000000f86c0000,0x00000000f8720000)
  to   space 320K, 0% used [0x00000000f8720000,0x00000000f8720000,0x00000000f8770000)
 PSOldGen        total 349568K, used 279467K [0x00000000e0000000, 0x00000000f5560000, 0x00000000f5560000)
  object space 349568K, 79% used [0x00000000e0000000,0x00000000f10eae40,0x00000000f5560000)
 PSPermGen       total 83968K, used 83967K [0x00000000dae00000, 0x00000000e0000000, 0x00000000e0000000)
  object space 83968K, 99% used [0x00000000dae00000,0x00000000dfffffd0,0x00000000e0000000)

Code Cache  [0x0000000002580000, 0x0000000003620000, 0x0000000005580000)
 total_blobs=4111 nmethods=3635 adapters=433 free_code_cache=33159040 largest_free_block=27008

Dynamic libraries:
0x0000000000400000 - 0x000000000042e000 	C:\Program Files\Java\jdk1.6.0_26\bin\javaw.exe
0x0000000076f60000 - 0x0000000077109000 	C:\Windows\SYSTEM32\ntdll.dll
0x0000000076d40000 - 0x0000000076e5f000 	C:\Windows\system32\kernel32.dll
0x000007fefcf20000 - 0x000007fefcf8b000 	C:\Windows\system32\KERNELBASE.dll
0x000007fefed50000 - 0x000007fefee2b000 	C:\Windows\system32\ADVAPI32.dll
0x000007feff1d0000 - 0x000007feff26f000 	C:\Windows\system32\msvcrt.dll
0x000007fefec00000 - 0x000007fefec1f000 	C:\Windows\SYSTEM32\sechost.dll
0x000007fefec20000 - 0x000007fefed4d000 	C:\Windows\system32\RPCRT4.dll
0x0000000076e60000 - 0x0000000076f5a000 	C:\Windows\system32\USER32.dll
0x000007fefe2b0000 - 0x000007fefe317000 	C:\Windows\system32\GDI32.dll
0x000007fefebf0000 - 0x000007fefebfe000 	C:\Windows\system32\LPK.dll
0x000007fefd170000 - 0x000007fefd239000 	C:\Windows\system32\USP10.dll
0x000007fefe7e0000 - 0x000007fefe80e000 	C:\Windows\system32\IMM32.DLL
0x000007fefe810000 - 0x000007fefe919000 	C:\Windows\system32\MSCTF.dll
0x000000006d890000 - 0x000000006e048000 	C:\Program Files\Java\jdk1.6.0_26\jre\bin\server\jvm.dll
0x000007fefa8b0000 - 0x000007fefa8eb000 	C:\Windows\system32\WINMM.dll
0x000000006d800000 - 0x000000006d80e000 	C:\Program Files\Java\jdk1.6.0_26\jre\bin\verify.dll
0x000000006d450000 - 0x000000006d477000 	C:\Program Files\Java\jdk1.6.0_26\jre\bin\java.dll
0x0000000077120000 - 0x0000000077127000 	C:\Windows\system32\PSAPI.DLL
0x000000006d4c0000 - 0x000000006d4f4000 	C:\Program Files\Java\jdk1.6.0_26\jre\bin\jdwp.dll
0x000000006d6d0000 - 0x000000006d6d8000 	C:\Program Files\Java\jdk1.6.0_26\jre\bin\npt.dll
0x000000006d400000 - 0x000000006d420000 	C:\Program Files\Java\jdk1.6.0_26\jre\bin\instrument.dll
0x000000006d850000 - 0x000000006d862000 	C:\Program Files\Java\jdk1.6.0_26\jre\bin\zip.dll
0x000000006d310000 - 0x000000006d319000 	C:\Program Files\Java\jdk1.6.0_26\jre\bin\dt_socket.dll
0x000007fefd250000 - 0x000007fefd29d000 	C:\Windows\system32\WS2_32.dll
0x000007fefd240000 - 0x000007fefd248000 	C:\Windows\system32\NSI.dll
0x000007fefa8f0000 - 0x000007fefa905000 	C:\Windows\system32\NLAapi.dll
0x000007fef7150000 - 0x000007fef7165000 	C:\Windows\system32\napinsp.dll
0x000007fef8130000 - 0x000007fef8149000 	C:\Windows\system32\pnrpnsp.dll
0x000007fef86e0000 - 0x000007fef870e000 	C:\Program Files\Common Files\Microsoft Shared\Windows Live\WLIDNSP.DLL
0x000007fefee90000 - 0x000007fefef01000 	C:\Windows\system32\SHLWAPI.dll
0x00000000726c0000 - 0x00000000726e6000 	C:\Program Files\Bonjour\mdnsNSP.dll
0x000007fefa690000 - 0x000007fefa6b7000 	C:\Windows\system32\Iphlpapi.DLL
0x000007fefa670000 - 0x000007fefa67b000 	C:\Windows\system32\WINNSI.DLL
0x000007fefc5b0000 - 0x000007fefc605000 	C:\Windows\System32\mswsock.dll
0x000007fefc430000 - 0x000007fefc48b000 	C:\Windows\system32\DNSAPI.dll
0x000007fefad70000 - 0x000007fefad7b000 	C:\Windows\System32\winrnr.dll
0x000007fefa520000 - 0x000007fefa573000 	C:\Windows\System32\fwpuclnt.dll
0x000007fef83d0000 - 0x000007fef83d8000 	C:\Windows\system32\rasadhlp.dll
0x000007fefbf20000 - 0x000007fefbf27000 	C:\Windows\System32\wshtcpip.dll
0x000000006d6a0000 - 0x000000006d6b7000 	C:\Program Files\Java\jdk1.6.0_26\jre\bin\net.dll
0x000007fefc5a0000 - 0x000007fefc5a7000 	C:\Windows\System32\wship6.dll
0x000007fefc610000 - 0x000007fefc627000 	C:\Windows\system32\CRYPTSP.dll
0x000007fefc310000 - 0x000007fefc357000 	C:\Windows\system32\rsaenh.dll
0x000007fefc040000 - 0x000007fefc05e000 	C:\Windows\system32\USERENV.dll
0x000007fefcd40000 - 0x000007fefcd4f000 	C:\Windows\system32\profapi.dll
0x000007fefcc70000 - 0x000007fefcc7f000 	C:\Windows\system32\CRYPTBASE.dll
0x000000006d6c0000 - 0x000000006d6cb000 	C:\Program Files\Java\jdk1.6.0_26\jre\bin\nio.dll
0x000000006d0a0000 - 0x000000006d263000 	C:\Program Files\Java\jdk1.6.0_26\jre\bin\awt.dll
0x000007fef80a0000 - 0x000007fef8111000 	C:\Windows\system32\WINSPOOL.DRV
0x000007fefe920000 - 0x000007fefeb23000 	C:\Windows\system32\ole32.dll
0x000007fefd340000 - 0x000007fefe0c8000 	C:\Windows\system32\SHELL32.dll
0x000007fefb3c0000 - 0x000007fefb5b4000 	C:\Windows\WinSxS\amd64_microsoft.windows.common-controls_6595b64144ccf1df_6.0.7601.17514_none_fa396087175ac9ac\COMCTL32.dll
0x000007fef2870000 - 0x000007fef2910000 	C:\Windows\WinSxS\amd64_microsoft.windows.common-controls_6595b64144ccf1df_5.82.7601.17514_none_a4d6a923711520a9\comctl32.dll
0x000007fefaf30000 - 0x000007fefaf48000 	C:\Windows\system32\DWMAPI.DLL
0x000007fefb310000 - 0x000007fefb366000 	C:\Windows\system32\uxtheme.dll
0x000000006d340000 - 0x000000006d3a6000 	C:\Program Files\Java\jdk1.6.0_26\jre\bin\fontmanager.dll
0x000007feefcb0000 - 0x000007feefeaf000 	C:\Windows\system32\d3d9.dll
0x000007fefbe50000 - 0x000007fefbe5c000 	C:\Windows\system32\VERSION.dll
0x000007fef98b0000 - 0x000007fef98b7000 	C:\Windows\system32\d3d8thk.dll
0x000007feed2d0000 - 0x000007feedbfe000 	C:\Windows\system32\nvd3dumx.dll
0x000007fefbb90000 - 0x000007fefbbbc000 	C:\Windows\system32\powrprof.dll
0x000007fefe0d0000 - 0x000007fefe2a7000 	C:\Windows\system32\SETUPAPI.dll
0x000007fefce00000 - 0x000007fefce36000 	C:\Windows\system32\CFGMGR32.dll
0x000007fefef90000 - 0x000007feff067000 	C:\Windows\system32\OLEAUT32.dll
0x000007fefcfd0000 - 0x000007fefcfea000 	C:\Windows\system32\DEVOBJ.dll

VM Arguments:
jvm_args: -agentlib:jdwp=transport=dt_socket,suspend=y,address=localhost:55153 -Xmx512m -javaagent:C:\Users\home\.eclipse\org.eclipse.platform_4.2.0_1709980481\plugins\com.google.appengine.eclipse.sdkbundle_1.7.2.1\appengine-java-sdk-1.7.2.1\lib\agent\appengine-agent.jar -Dfile.encoding=Cp1252 
java_command: com.google.gwt.dev.DevMode -remoteUI 55091:34417799268809 -startupUrl topten.html -logLevel INFO -codeServerPort 9997 -port 8888 -server com.google.appengine.tools.development.gwt.AppEngineLauncher -war C:\Users\home\code\RugbyBase\war net.rugby.foundation.admin.Admin net.rugby.foundation.game1.Game1 net.rugby.foundation.core.Core net.rugby.foundation.result.Result com.gwtfb.GwtFB net.rugby.foundation.topten.Topten net.rugby.foundation.RugbyBase net.rugby.foundation.topten.topten
Launcher Type: SUN_STANDARD

Environment Variables:
JAVA_HOME=C:\Program Files\Java\jdk1.6.0_26
CLASSPATH=.;C:\Program Files (x86)\QuickTime\QTSystem\QTJava.zip
PATH=C:\Program Files\Java\jdk1.6.0_26\jre\bin;C:\Program Files\Common Files\Microsoft Shared\Windows Live;C:\Program Files (x86)\Common Files\Microsoft Shared\Windows Live;C:\Windows\system32;C:\Windows;C:\Windows\System32\Wbem;C:\Windows\System32\WindowsPowerShell\v1.0\;C:\Program Files (x86)\Windows Live\Shared;C:\Program Files\SlikSvn\bin\;C:\Program Files (x86)\QuickTime\QTSystem\;C:\Program Files (x86)\Git\cmd;C:\Program Files (x86)\Google\google_appengine\;C:\Program Files\eclipse\;C:\mvn\apache-maven-3.0.3\bin;C:\Program Files\Apache\apache-ant-1.8.4\bin
USERNAME=home
OS=Windows_NT
PROCESSOR_IDENTIFIER=AMD64 Family 16 Model 4 Stepping 2, AuthenticAMD



---------------  S Y S T E M  ---------------

OS: Windows 7 Build 7601 Service Pack 1

CPU:total 4 (4 cores per cpu, 1 threads per core) family 16 model 4 stepping 2, cmov, cx8, fxsr, mmx, sse, sse2, sse3, popcnt, mmxext, 3dnow, 3dnowext, lzcnt, sse4a

Memory: 4k page, physical 8125684k(4036808k free), swap 16249508k(11048640k free)

vm_info: Java HotSpot(TM) 64-Bit Server VM (20.1-b02) for windows-amd64 JRE (1.6.0_26-b03), built on May  4 2011 07:15:24 by "java_re" with MS VC++ 8.0 (VS2005)

time: Tue Aug 13 22:43:48 2013
elapsed time: 2582 seconds

